b 1
b 2
b 3
b 4
b 5
b 6
b 7
b 8
b 9
b 10
b 11
b 12
b 13
b 14
b 15
b 16
b 17
b 18
b 19
b 20
b 21
b 22
b 23
b 24
b 25
b 26
b 27
b 28
b 29
b 30
b 31
b 32
b 33
b 34
b 35
b 36
b 37
b 38
b 39
b 40
b 41
b 42
b 43
b 44
b 45
b 46
b 47
b 48
b 49
b 50
b 51
b 52
b 53
b 54
b 55
b 56
b 57
b 58
b 59
b 60
b 61
b 62
b 63
b 64
b 65
b 66
b 67
b 68
b 69
b 70
b 71
b 72
b 73
b 74
b 75
b 76
b 77
b 78
b 79
b 80
b 81
b 82
b 83
b 84
b 85
b 86
b 87
b 88
b 89
b 90
b 91
b 92
b 93
b 94
b 95
b 96
b 97
b 98
b 99
b 100
b 101
b 102
b 103
b 104
b 105
b 106
b 107
b 108
b 109
b 110
b 111
b 112
b 113
b 114
b 115
b 116
b 117
b 118
b 119
b 120
b 121
b 122
b 123
b 124
b 125
b 126
b 127
b 128
b 129
b 130
b 131
b 132
b 133
b 134
b 135
b 136
b 137
b 138
b 139
b 140
b 141
b 142
b 143
b 144
b 145
b 146
b 147
b 148
b 149
b 150
b 151
b 152
b 153
b 154
b 155
b 156
b 157
b 158
b 159
b 160
b 161
b 162
b 163
b 164
b 165
b 166
b 167
b 168
b 169
b 170
b 171
b 172
b 173
b 174
b 175
b 176
b 177
b 178
b 179
b 180
b 181
b 182
b 183
b 184
b 185
b 186
b 187
b 188
b 189
b 190
b 191
b 192
b 193
b 194
b 195
b 196
b 197
b 198
b 199
b 200
b 201
b 202
b 203
b 204
b 205
b 206
b 207
b 208
b 209
b 210
b 211
b 212
b 213
b 214
b 215
b 216
b 217
b 218
b 219
b 220
b 221
b 222
b 223
b 224
b 225
b 226
b 227
b 228
b 229
b 230
b 231
b 232
b 233
b 234
b 235
b 236
b 237
b 238
b 239
b 240
b 241
b 242
b 243
b 244
b 245
b 246
b 247
b 248
b 249
b 250
b 251
b 252
b 253
b 254
b 255
b 256
b 257
b 258
b 259
b 260
b 261
b 262
b 263
b 264
b 265
b 266
b 267
b 268
b 269
b 270
b 271
b 272
b 273
b 274
b 275
b 276
b 277
b 278
b 279
b 280
b 281
b 282
b 283
b 284
b 285
b 286
b 287
b 288
b 289
b 290
b 291
b 292
b 293
b 294
b 295
b 296
b 297
b 298
b 299
b 300
b 301
b 302
b 303
b 304
b 305
b 306
b 307
b 308
b 309
b 310
b 311
b 312
b 313
b 314
b 315
b 316
b 317
b 318
b 319
b 320
b 321
b 322
b 323
b 324
b 325
b 326
b 327
b 328
b 329
b 330
b 331
b 332
b 333
b 334
b 335
b 336
b 337
b 338
b 339
b 340
b 341
b 342
b 343
b 344
b 345
b 346
b 347
b 348
b 349
b 350
b 351
b 352
b 353
b 354
b 355
b 356
b 357
b 358
b 359
b 360
b 361
b 362
b 363
b 364
b 365
b 366
b 367
b 368
b 369
b 370
b 371
b 372
b 373
b 374
b 375
b 376
b 377
b 378
b 379
b 380
b 381
b 382
b 383
b 384
b 385
b 386
b 387
b 388
b 389
b 390
b 391
b 392
b 393
b 394
b 395
b 396
b 397
b 398
b 399
b 400
b 401
b 402
b 403
b 404
b 405
b 406
b 407
b 408
b 409
b 410
b 411
b 412
b 413
b 414
b 415
b 416
b 417
b 418
b 419
b 420
b 421
b 422
b 423
b 424
b 425
b 426
b 427
b 428
b 429
b 430
b 431
b 432
b 433
b 434
b 435
b 436
b 437
b 438
b 439
b 440
b 441
b 442
b 443
b 444
b 445
b 446
b 447
b 448
b 449
b 450
b 451
b 452
b 453
b 454
b 455
b 456
b 457
b 458
b 459
b 460
b 461
b 462
b 463
b 464
b 465
b 466
b 467
b 468
b 469
b 470
b 471
b 472
b 473
b 474
b 475
b 476
b 477
b 478
b 479
b 480
b 481
b 482
b 483
b 484
b 485
b 486
b 487
b 488
b 489
b 490
b 491
b 492
b 493
b 494
b 495
b 496
b 497
b 498
b 499
b 500
b 501
b 502
b 503
b 504
b 505
b 506
b 507
b 508
b 509
b 510
b 511
b 512
b 513
b 514
b 515
b 516
b 517
b 518
b 519
b 520
b 521
b 522
b 523
b 524
b 525
b 526
b 527
b 528
b 529
b 530
b 531
b 532
b 533
b 534
b 535
b 536
b 537
b 538
b 539
b 540
b 541
b 542
b 543
b 544
b 545
b 546
b 547
b 548
b 549
b 550
b 551
b 552
b 553
b 554
b 555
b 556
b 557
b 558
b 559
b 560
b 561
b 562
b 563
b 564
b 565
b 566
b 567
b 568
b 569
b 570
b 571
b 572
b 573
b 574
b 575
b 576
b 577
b 578
b 579
b 580
b 581
b 582
b 583
b 584
b 585
b 586
b 587
b 588
b 589
b 590
b 591
b 592
b 593
b 594
b 595
b 596
b 597
b 598
b 599
b 600
b 601
b 602
b 603
b 604
b 605
b 606
b 607
b 608
b 609
b 610
b 611
b 612
b 613
b 614
b 615
b 616
b 617
b 618
b 619
b 620
b 621
b 622
b 623
b 624
b 625
b 626
b 627
b 628
b 629
b 630
b 631
b 632
b 633
b 634
b 635
b 636
b 637
b 638
b 639
b 640
b 641
b 642
b 643
b 644
b 645
b 646
b 647
b 648
b 649
b 650
b 651
b 652
b 653
b 654
b 655
b 656
b 657
b 658
b 659
b 660
b 661
b 662
b 663
b 664
b 665
b 666
b 667
b 668
b 669
b 670
b 671
b 672
b 673
b 674
b 675
b 676
b 677
b 678
b 679
b 680
b 681
b 682
b 683
b 684
b 685
b 686
b 687
b 688
b 689
b 690
b 691
b 692
b 693
b 694
b 695
b 696
b 697
b 698
b 699
b 700
b 701
b 702
b 703
b 704
b 705
b 706
b 707
b 708
b 709
b 710
b 711
b 712
b 713
b 714
b 715
b 716
b 717
b 718
b 719
b 720
b 721
b 722
b 723
b 724
b 725
b 726
b 727
b 728
b 729
b 730
b 731
b 732
b 733
b 734
b 735
b 736
b 737
b 738
b 739
b 740
b 741
b 742
b 743
b 744
b 745
b 746
b 747
b 748
b 749
b 750
b 751
b 752
b 753
b 754
b 755
b 756
b 757
b 758
b 759
b 760
b 761
b 762
b 763
b 764
b 765
b 766
b 767
b 768
b 769
b 770
b 771
b 772
b 773
b 774
b 775
b 776
b 777
b 778
b 779
b 780
b 781
b 782
b 783
b 784
b 785
b 786
b 787
b 788
b 789
b 790
b 791
b 792
b 793
b 794
b 795
b 796
b 797
b 798
b 799
b 800
b 801
b 802
b 803
b 804
b 805
b 806
b 807
b 808
b 809
b 810
b 811
b 812
b 813
b 814
b 815
b 816
b 817
b 818
b 819
b 820
b 821
b 822
b 823
b 824
b 825
b 826
b 827
b 828
b 829
b 830
b 831
b 832
b 833
b 834
b 835
b 836
b 837
b 838
b 839
b 840
b 841
b 842
b 843
b 844
b 845
b 846
b 847
b 848
b 849
b 850
b 851
b 852
b 853
b 854
b 855
b 856
b 857
b 858
b 859
b 860
b 861
b 862
b 863
b 864
b 865
b 866
b 867
b 868
b 869
b 870
b 871
b 872
b 873
b 874
b 875
b 876
b 877
b 878
b 879
b 880
b 881
b 882
b 883
b 884
b 885
b 886
b 887
b 888
b 889
b 890
b 891
b 892
b 893
b 894
b 895
b 896
b 897
b 898
b 899
b 900
b 901
b 902
b 903
b 904
b 905
b 906
b 907
b 908
b 909
b 910
b 911
b 912
b 913
b 914
b 915
b 916
b 917
b 918
b 919
b 920
b 921
b 922
b 923
b 924
b 925
b 926
b 927
b 928
b 929
b 930
b 931
b 932
b 933
b 934
b 935
b 936
b 937
b 938
b 939
b 940
b 941
b 942
b 943
b 944
b 945
b 946
b 947
b 948
b 949
b 950
b 951
b 952
b 953
b 954
b 955
b 956
b 957
b 958
b 959
b 960
b 961
b 962
b 963
b 964
b 965
b 966
b 967
b 968
b 969
b 970
b 971
b 972
b 973
b 974
b 975
b 976
b 977
b 978
b 979
b 980
b 981
b 982
b 983
b 984
b 985
b 986
b 987
b 988
b 989
b 990
b 991
b 992
b 993
b 994
b 995
b 996
b 997
b 998
b 999
b 1000
b 1001
b 1002
b 1003
b 1004
b 1005
b 1006
b 1007
b 1008
b 1009
b 1010
b 1011
b 1012
b 1013
b 1014
b 1015
b 1016
b 1017
b 1018
b 1019
b 1020
b 1021
b 1022
b 1023
b 1024
b 1025
b 1026
b 1027
b 1028
b 1029
b 1030
b 1031
b 1032
b 1033
b 1034
b 1035
b 1036
b 1037
b 1038
b 1039
b 1040
b 1041
b 1042
b 1043
b 1044
b 1045
b 1046
b 1047
b 1048
b 1049
b 1050
b 1051
b 1052
b 1053
b 1054
b 1055
b 1056
b 1057
b 1058
b 1059
b 1060
b 1061
b 1062
b 1063
b 1064
b 1065
b 1066
b 1067
b 1068
b 1069
b 1070
b 1071
b 1072
b 1073
b 1074
b 1075
b 1076
b 1077
b 1078
b 1079
b 1080
b 1081
b 1082
b 1083
b 1084
b 1085
b 1086
b 1087
b 1088
b 1089
b 1090
b 1091
b 1092
b 1093
b 1094
b 1095
b 1096
b 1097
b 1098
b 1099
b 1100
b 1101
b 1102
b 1103
b 1104
b 1105
b 1106
b 1107
b 1108
b 1109
b 1110
b 1111
b 1112
b 1113
b 1114
b 1115
b 1116
b 1117
b 1118
b 1119
b 1120
b 1121
b 1122
b 1123
b 1124
b 1125
b 1126
b 1127
b 1128
b 1129
b 1130
b 1131
b 1132
b 1133
b 1134
b 1135
b 1136
b 1137
b 1138
b 1139
b 1140
b 1141
b 1142
b 1143
b 1144
b 1145
b 1146
b 1147
b 1148
b 1149
b 1150
b 1151
b 1152
b 1153
b 1154
b 1155
b 1156
b 1157
b 1158
b 1159
b 1160
b 1161
b 1162
b 1163
b 1164
b 1165
b 1166
b 1167
b 1168
b 1169
b 1170
b 1171
b 1172
b 1173
b 1174
b 1175
b 1176
b 1177
b 1178
b 1179
b 1180
b 1181
b 1182
b 1183
b 1184
b 1185
b 1186
b 1187
b 1188
b 1189
b 1190
b 1191
b 1192
b 1193
b 1194
b 1195
b 1196
b 1197
b 1198
b 1199
b 1200
b 1201
b 1202
b 1203
b 1204
b 1205
b 1206
b 1207
b 1208
b 1209
b 1210
b 1211
b 1212
b 1213
b 1214
b 1215
b 1216
b 1217
b 1218
b 1219
b 1220
b 1221
b 1222
b 1223
b 1224
b 1225
b 1226
b 1227
b 1228
b 1229
b 1230
b 1231
b 1232
b 1233
b 1234
b 1235
b 1236
b 1237
b 1238
b 1239
b 1240
b 1241
b 1242
b 1243
b 1244
b 1245
b 1246
b 1247
b 1248
b 1249
b 1250
b 1251
b 1252
b 1253
b 1254
b 1255
b 1256
b 1257
b 1258
b 1259
b 1260
b 1261
b 1262
b 1263
b 1264
b 1265
b 1266
b 1267
b 1268
b 1269
b 1270
b 1271
b 1272
b 1273
b 1274
b 1275
b 1276
b 1277
b 1278
b 1279
b 1280
b 1281
b 1282
b 1283
b 1284
b 1285
b 1286
b 1287
b 1288
b 1289
b 1290
b 1291
b 1292
b 1293
b 1294
b 1295
b 1296
b 1297
b 1298
b 1299
b 1300
b 1301
b 1302
b 1303
b 1304
b 1305
b 1306
b 1307
b 1308
b 1309
b 1310
b 1311
b 1312
b 1313
b 1314
b 1315
b 1316
b 1317
b 1318
b 1319
b 1320
b 1321
b 1322
b 1323
b 1324
b 1325
b 1326
b 1327
b 1328
b 1329
b 1330
b 1331
b 1332
b 1333
b 1334
b 1335
b 1336
b 1337
b 1338
b 1339
b 1340
b 1341
b 1342
b 1343
b 1344
b 1345
b 1346
b 1347
b 1348
b 1349
b 1350
b 1351
b 1352
b 1353
b 1354
b 1355
b 1356
b 1357
b 1358
b 1359
b 1360
b 1361
b 1362
b 1363
b 1364
b 1365
b 1366
b 1367
b 1368
b 1369
b 1370
b 1371
b 1372
b 1373
b 1374
b 1375
b 1376
b 1377
b 1378
b 1379
b 1380
b 1381
b 1382
b 1383
b 1384
b 1385
b 1386
b 1387
b 1388
b 1389
b 1390
b 1391
b 1392
b 1393
b 1394
b 1395
b 1396
b 1397
b 1398
b 1399
b 1400
b 1401
b 1402
b 1403
b 1404
b 1405
b 1406
b 1407
b 1408
b 1409
b 1410
b 1411
b 1412
b 1413
b 1414
b 1415
b 1416
b 1417
b 1418
b 1419
b 1420
b 1421
b 1422
b 1423
b 1424
b 1425
b 1426
b 1427
b 1428
b 1429
b 1430
b 1431
b 1432
b 1433
b 1434
b 1435
b 1436
b 1437
b 1438
b 1439
b 1440
b 1441
b 1442
b 1443
b 1444
b 1445
b 1446
b 1447
b 1448
b 1449
b 1450
b 1451
b 1452
b 1453
b 1454
b 1455
b 1456
b 1457
b 1458
b 1459
b 1460
b 1461
b 1462
b 1463
b 1464
b 1465
b 1466
b 1467
b 1468
b 1469
b 1470
b 1471
b 1472
b 1473
b 1474
b 1475
b 1476
b 1477
b 1478
b 1479
b 1480
b 1481
b 1482
b 1483
b 1484
b 1485
b 1486
b 1487
b 1488
b 1489
b 1490
b 1491
b 1492
b 1493
b 1494
b 1495
b 1496
b 1497
b 1498
b 1499
b 1500
b 1501
b 1502
b 1503
b 1504
b 1505
b 1506
b 1507
b 1508
b 1509
b 1510
b 1511
b 1512
b 1513
b 1514
b 1515
b 1516
b 1517
b 1518
b 1519
b 1520
b 1521
b 1522
b 1523
b 1524
b 1525
b 1526
b 1527
b 1528
b 1529
b 1530
b 1531
b 1532
b 1533
b 1534
b 1535
b 1536
b 1537
b 1538
b 1539
b 1540
b 1541
b 1542
b 1543
b 1544
b 1545
b 1546
b 1547
b 1548
b 1549
b 1550
b 1551
b 1552
b 1553
b 1554
b 1555
b 1556
b 1557
b 1558
b 1559
b 1560
b 1561
b 1562
b 1563
b 1564
b 1565
b 1566
b 1567
b 1568
b 1569
b 1570
b 1571
b 1572
b 1573
b 1574
b 1575
b 1576
b 1577
b 1578
b 1579
b 1580
b 1581
b 1582
b 1583
b 1584
b 1585
b 1586
b 1587
b 1588
b 1589
b 1590
b 1591
b 1592
b 1593
b 1594
b 1595
b 1596
b 1597
b 1598
b 1599
b 1600
b 1601
b 1602
b 1603
b 1604
b 1605
b 1606
b 1607
b 1608
b 1609
b 1610
b 1611
b 1612
b 1613
b 1614
b 1615
b 1616
b 1617
b 1618
b 1619
b 1620
b 1621
b 1622
b 1623
b 1624
b 1625
b 1626
b 1627
b 1628
b 1629
b 1630
b 1631
b 1632
b 1633
b 1634
b 1635
b 1636
b 1637
b 1638
b 1639
b 1640
b 1641
b 1642
b 1643
b 1644
b 1645
b 1646
b 1647
b 1648
b 1649
b 1650
b 1651
b 1652
b 1653
b 1654
b 1655
b 1656
b 1657
b 1658
b 1659
b 1660
b 1661
b 1662
b 1663
b 1664
b 1665
b 1666
b 1667
b 1668
b 1669
b 1670
b 1671
b 1672
b 1673
b 1674
b 1675
b 1676
b 1677
b 1678
b 1679
b 1680
b 1681
b 1682
b 1683
b 1684
b 1685
b 1686
b 1687
b 1688
b 1689
b 1690
b 1691
b 1692
b 1693
b 1694
b 1695
b 1696
b 1697
b 1698
b 1699
b 1700
b 1701
b 1702
b 1703
b 1704
b 1705
b 1706
b 1707
b 1708
b 1709
b 1710
b 1711
b 1712
b 1713
b 1714
b 1715
b 1716
b 1717
b 1718
b 1719
b 1720
b 1721
b 1722
b 1723
b 1724
b 1725
b 1726
b 1727
b 1728
b 1729
b 1730
b 1731
b 1732
b 1733
b 1734
b 1735
b 1736
b 1737
b 1738
b 1739
b 1740
b 1741
b 1742
b 1743
b 1744
b 1745
b 1746
b 1747
b 1748
b 1749
b 1750
b 1751
b 1752
b 1753
b 1754
b 1755
b 1756
b 1757
b 1758
b 1759
b 1760
b 1761
b 1762
b 1763
b 1764
b 1765
b 1766
b 1767
b 1768
b 1769
b 1770
b 1771
b 1772
b 1773
b 1774
b 1775
b 1776
b 1777
b 1778
b 1779
b 1780
b 1781
b 1782
b 1783
b 1784
b 1785
b 1786
b 1787
b 1788
b 1789
b 1790
b 1791
b 1792
b 1793
b 1794
b 1795
b 1796
b 1797
b 1798
b 1799
b 1800
b 1801
b 1802
b 1803
b 1804
b 1805
b 1806
b 1807
b 1808
b 1809
b 1810
b 1811
b 1812
b 1813
b 1814
b 1815
b 1816
b 1817
b 1818
b 1819
b 1820
b 1821
b 1822
b 1823
b 1824
b 1825
b 1826
b 1827
b 1828
b 1829
b 1830
b 1831
b 1832
b 1833
b 1834
b 1835
b 1836
b 1837
b 1838
b 1839
b 1840
b 1841
b 1842
b 1843
b 1844
b 1845
b 1846
b 1847
b 1848
b 1849
b 1850
b 1851
b 1852
b 1853
b 1854
b 1855
b 1856
b 1857
b 1858
b 1859
b 1860
b 1861
b 1862
b 1863
b 1864
b 1865
b 1866
b 1867
b 1868
b 1869
b 1870
b 1871
b 1872
b 1873
b 1874
b 1875
b 1876
b 1877
b 1878
b 1879
b 1880
b 1881
b 1882
b 1883
b 1884
b 1885
b 1886
b 1887
b 1888
b 1889
b 1890
b 1891
b 1892
b 1893
b 1894
b 1895
b 1896
b 1897
b 1898
b 1899
b 1900
b 1901
b 1902
b 1903
b 1904
b 1905
b 1906
b 1907
b 1908
b 1909
b 1910
b 1911
b 1912
b 1913
b 1914
b 1915
b 1916
b 1917
b 1918
b 1919
b 1920
b 1921
b 1922
b 1923
b 1924
b 1925
b 1926
b 1927
b 1928
b 1929
b 1930
b 1931
b 1932
b 1933
b 1934
b 1935
b 1936
b 1937
b 1938
b 1939
b 1940
b 1941
b 1942
b 1943
b 1944
b 1945
b 1946
b 1947
b 1948
b 1949
b 1950
b 1951
b 1952
b 1953
b 1954
b 1955
b 1956
b 1957
b 1958
b 1959
b 1960
b 1961
b 1962
b 1963
b 1964
b 1965
b 1966
b 1967
b 1968
b 1969
b 1970
b 1971
b 1972
b 1973
b 1974
b 1975
b 1976
b 1977
b 1978
b 1979
b 1980
b 1981
b 1982
b 1983
b 1984
b 1985
b 1986
b 1987
b 1988
b 1989
b 1990
b 1991
b 1992
b 1993
b 1994
b 1995
b 1996
b 1997
b 1998
b 1999
b 2000
d 2 15
d 2 16
d 2 17
d 1 27
d 2 18
d 2 19
d 2 20
d 2 21
d 2 9
d 2 10
d 2 11
d 2 12
d 2 13
d 2 14
d 1 25
d 1 26
d 2 22
d 1 28
d 2 23
d 2 24
d 2 25
d 2 26
d 2 27
d 1 29
d 2 35
d 2 36
d 2 37
d 2 38
d 1 31
d 2 39
d 2 40
d 2 41
d 2 28
d 2 29
d 2 30
d 2 31
d 2 32
d 1 30
d 2 33
d 2 34
d 2 49
d 2 50
d 2 51
d 2 52
d 2 53
d 2 54
d 2 55
d 2 56
d 2 1
d 2 2
d 2 3
d 2 4
d 2 5
d 2 6
d 2 7
d 2 8
d 2 42
d 2 43
d 1 32
d 2 44
d 2 45
d 2 46
d 2 47
d 2 48
d 2 57
d 2 58
d 2 59
d 2 60
d 2 61
d 2 62
d 2 63
d 2 64
d 2 65
d 2 66
d 2 67
d 2 68
d 2 69
d 2 70
d 2 71
d 2 72
d 2 97
d 2 98
d 2 99
d 2 100
d 2 101
d 2 102
d 2 103
d 2 104
d 2 81
d 2 82
d 2 83
d 2 84
d 2 85
d 2 86
d 2 87
d 2 88
d 2 89
d 2 90
d 2 91
d 2 92
d 2 93
d 2 94
d 2 95
d 2 96
d 2 73
d 2 74
d 2 75
d 2 76
d 2 77
d 2 78
d 2 79
d 2 80
d 2 105
d 2 106
d 2 107
d 2 108
d 2 109
d 2 110
d 2 111
d 2 112
d 2 113
d 2 114
d 2 115
d 2 116
d 2 117
d 2 118
d 2 119
d 2 120
d 2 129
d 2 130
d 2 131
d 2 132
d 2 133
d 2 134
d 2 135
d 2 136
d 2 137
d 2 138
d 2 139
d 1 41
d 2 140
d 2 141
d 2 142
d 2 143
d 2 144
d 2 145
d 2 146
d 1 42
d 2 147
d 2 148
d 2 149
d 2 150
d 2 121
d 2 122
d 2 123
d 2 124
d 2 125
d 2 126
d 2 127
d 2 128
d 2 171
d 2 172
d 2 173
d 1 47
d 2 174
d 2 175
d 2 176
d 2 177
d 2 151
d 1 43
d 2 152
d 2 153
d 2 154
d 2 155
d 2 156
d 2 157
d 2 178
d 1 48
d 2 179
d 2 180
d 2 181
d 2 182
d 2 183
d 2 184
d 1 44
d 2 158
d 2 159
d 2 160
d 2 161
d 1 45
d 2 162
d 2 163
d 2 164
d 2 165
d 2 166
d 2 167
d 1 46
d 2 168
d 2 169
d 2 170
d 2 201
d 2 202
d 2 203
d 2 204
d 2 205
d 2 206
d 2 207
d 2 208
d 2 225
d 2 226
d 2 227
d 2 228
d 2 229
d 2 230
d 2 231
d 2 232
d 2 185
d 2 186
d 2 187
d 2 188
d 2 189
d 2 190
d 2 191
d 2 192
d 2 233
d 2 234
d 2 235
d 2 236
d 2 237
d 2 238
d 2 239
d 2 240
d 2 241
d 2 242
d 2 243
d 2 244
d 2 245
d 2 246
d 2 247
d 2 248
d 2 193
d 2 194
d 2 195
d 2 196
d 2 197
d 2 198
d 2 199
d 2 200
d 2 209
d 2 210
d 2 211
d 2 212
d 2 213
d 2 214
d 2 215
d 2 216
d 2 265
d 2 266
d 2 267
d 2 268
d 2 269
d 2 270
d 2 271
d 2 272
d 2 217
d 2 218
d 2 219
d 2 220
d 2 221
d 2 222
d 2 223
d 2 224
d 2 249
d 2 250
d 2 251
d 2 252
d 2 253
d 2 254
d 2 255
d 2 256
d 2 257
d 2 258
d 2 259
d 2 260
d 2 261
d 2 262
d 2 263
d 2 264
d 2 273
d 2 274
d 2 275
d 2 276
d 2 277
d 2 278
d 2 279
d 2 280
d 2 289
d 2 290
d 2 291
d 2 292
d 2 293
d 2 294
d 2 295
d 2 296
d 2 281
d 2 282
d 2 283
d 2 284
d 2 285
d 2 286
d 2 287
d 2 288
d 2 313
d 2 314
d 2 315
d 2 316
d 2 317
d 2 318
d 2 319
d 2 320
d 2 321
d 2 322
d 2 323
d 2 324
d 2 325
d 2 326
d 2 327
d 2 328
d 2 297
d 2 298
d 2 299
d 2 300
d 2 301
d 2 302
d 2 303
d 2 304
d 2 305
d 2 306
d 2 307
d 2 308
d 2 309
d 2 310
d 2 311
d 2 312
d 2 329
d 2 330
d 2 331
d 2 332
d 2 333
d 2 334
d 2 335
d 2 336
d 2 337
d 2 338
d 2 339
d 2 340
d 2 341
d 2 342
d 2 343
d 2 344
d 2 377
d 2 378
d 2 379
d 2 380
d 2 381
d 2 382
d 2 383
d 2 384
d 2 369
d 2 370
d 2 371
d 2 372
d 2 373
d 2 374
d 2 375
d 2 376
d 2 385
d 2 386
d 2 387
d 2 388
d 2 389
d 2 390
d 2 391
d 2 392
d 2 353
d 2 354
d 2 355
d 2 356
d 2 357
d 2 358
d 2 359
d 2 360
d 2 393
d 2 394
d 2 395
d 2 396
d 2 397
d 2 398
d 2 399
d 2 400
d 2 345
d 2 346
d 2 347
d 2 348
d 2 349
d 2 350
d 2 351
d 2 352
d 2 361
d 2 362
d 2 363
d 2 364
d 2 365
d 2 366
d 2 367
d 2 368
d 2 417
d 2 418
d 2 419
d 2 420
d 2 421
d 2 422
d 2 423
d 2 424
d 2 401
d 2 402
d 2 403
d 2 404
d 2 405
d 2 406
d 2 407
d 2 408
d 2 425
d 2 426
d 2 427
d 2 428
d 2 429
d 2 430
d 2 431
d 2 432
d 2 409
d 2 410
d 2 411
d 2 412
d 2 413
d 2 414
d 2 415
d 2 416
d 2 433
d 2 434
d 2 435
d 2 436
d 2 437
d 2 438
d 2 439
d 2 440
d 2 441
d 2 442
d 2 443
d 2 444
d 2 445
d 2 446
d 2 447
d 2 448
d 2 449
d 2 450
d 2 451
d 2 452
d 2 453
d 2 454
d 2 455
d 2 456
d 2 489
d 2 490
d 2 491
d 2 492
d 2 493
d 2 494
d 2 495
d 2 496
d 2 457
d 2 458
d 2 459
d 2 460
d 2 461
d 2 462
d 2 463
d 2 464
d 2 473
d 2 474
d 2 475
d 2 476
d 2 477
d 2 478
d 2 479
d 2 480
d 2 481
d 2 482
d 2 483
d 2 484
d 2 485
d 2 486
d 2 487
d 2 488
d 2 511
d 2 512
d 1 3
d 2 513
d 2 514
d 2 515
d 2 516
d 2 517
d 2 504
d 2 505
d 2 506
d 2 507
d 2 508
d 1 2
d 2 509
d 2 510
d 2 465
d 2 466
d 2 467
d 2 468
d 2 469
d 2 470
d 2 471
d 2 472
d 2 497
d 2 498
d 2 499
d 2 500
d 2 501
d 2 502
d 2 503
d 1 1
d 2 545
d 2 546
d 2 547
d 2 548
d 2 549
d 2 550
d 2 551
d 2 552
d 2 518
d 1 4
d 2 519
d 2 520
d 2 521
d 2 522
d 2 523
d 1 5
d 2 524
d 2 525
d 2 526
d 2 527
d 2 528
d 1 6
d 2 529
d 2 530
d 2 531
d 2 532
d 2 533
d 2 534
d 1 7
d 2 535
d 2 536
d 2 537
d 2 538
d 2 539
d 1 8
d 2 540
d 2 541
d 2 542
d 2 543
d 2 544
d 2 569
d 2 570
d 2 571
d 2 572
d 2 573
d 2 574
d 2 575
d 2 576
d 2 553
d 2 554
d 2 555
d 2 556
d 2 557
d 2 558
d 2 559
d 2 560
d 2 577
d 2 578
d 2 579
d 2 580
d 2 581
d 2 582
d 2 583
d 2 584
d 2 585
d 2 586
d 2 587
d 2 588
d 2 589
d 2 590
d 2 591
d 2 592
d 2 561
d 2 562
d 2 563
d 2 564
d 2 565
d 2 566
d 2 567
d 2 568
d 2 601
d 2 602
d 2 603
d 2 604
d 2 605
d 2 606
d 2 607
d 2 608
d 2 593
d 2 594
d 2 595
d 2 596
d 2 597
d 2 598
d 2 599
d 2 600
d 2 609
d 2 610
d 2 611
d 2 612
d 2 613
d 2 614
d 2 615
d 2 616
d 2 617
d 2 618
d 2 619
d 2 620
d 2 621
d 2 622
d 2 623
d 2 624
d 2 625
d 2 626
d 2 627
d 2 628
d 2 629
d 2 630
d 2 631
d 2 632
d 2 633
d 2 634
d 2 635
d 2 636
d 2 637
d 2 638
d 2 639
d 2 640
d 2 657
d 2 658
d 2 659
d 2 660
d 2 661
d 2 662
d 2 663
d 2 664
d 2 641
d 2 642
d 2 643
d 2 644
d 2 645
d 2 646
d 2 647
d 2 648
d 2 649
d 2 650
d 2 651
d 2 652
d 2 653
d 2 654
d 2 655
d 2 656
d 2 665
d 2 666
d 2 667
d 2 668
d 2 669
d 2 670
d 2 671
d 2 672
d 2 673
d 2 674
d 2 675
d 2 676
d 2 677
d 2 678
d 2 679
d 2 680
d 2 697
d 2 698
d 2 699
d 2 700
d 2 701
d 2 702
d 2 703
d 2 704
d 2 705
d 2 706
d 2 707
d 2 708
d 2 709
d 2 710
d 2 711
d 2 712
d 2 713
d 2 714
d 2 715
d 2 716
d 2 717
d 2 718
d 2 719
d 2 720
d 2 681
d 2 682
d 2 683
d 2 684
d 2 685
d 2 686
d 2 687
d 2 688
d 2 689
d 2 690
d 2 691
d 2 692
d 2 693
d 2 694
d 2 695
d 2 696
d 2 721
d 2 722
d 2 723
d 2 724
d 2 725
d 2 726
d 2 727
d 2 728
d 2 729
d 2 730
d 2 731
d 2 732
d 2 733
d 2 734
d 2 735
d 2 736
d 2 737
d 2 738
d 2 739
d 2 740
d 2 741
d 2 742
d 2 743
d 2 744
d 2 769
d 2 770
d 2 771
d 2 772
d 2 773
d 2 774
d 2 775
d 2 776
d 2 753
d 2 754
d 2 755
d 2 756
d 2 757
d 2 758
d 2 759
d 2 760
d 2 761
d 2 762
d 2 763
d 2 764
d 2 765
d 2 766
d 2 767
d 2 768
d 2 785
d 2 786
d 2 787
d 2 788
d 2 789
d 2 790
d 2 791
d 2 792
d 2 745
d 2 746
d 2 747
d 2 748
d 2 749
d 2 750
d 2 751
d 2 752
d 2 777
d 2 778
d 2 779
d 2 780
d 2 781
d 2 782
d 2 783
d 2 784
d 2 793
d 2 794
d 2 795
d 2 796
d 2 797
d 2 798
d 2 799
d 2 800
d 2 801
d 2 802
d 2 803
d 2 804
d 2 805
d 2 806
d 2 807
d 2 808
d 2 809
d 2 810
d 2 811
d 2 812
d 2 813
d 2 814
d 2 815
d 2 816
d 2 825
d 2 826
d 2 827
d 2 828
d 2 829
d 2 830
d 2 831
d 2 832
d 2 817
d 2 818
d 2 819
d 2 820
d 2 821
d 2 822
d 2 823
d 2 824
d 2 857
d 2 858
d 2 859
d 2 860
d 2 861
d 2 862
d 2 863
d 2 864
d 2 833
d 2 834
d 2 835
d 2 836
d 2 837
d 2 838
d 2 839
d 2 840
d 2 849
d 2 850
d 2 851
d 2 852
d 2 853
d 2 854
d 2 855
d 2 856
d 2 841
d 2 842
d 2 843
d 2 844
d 2 845
d 2 846
d 2 847
d 2 848
d 2 865
d 2 866
d 2 867
d 2 868
d 2 869
d 2 870
d 2 871
d 2 872
d 2 873
d 2 874
d 2 875
d 2 876
d 2 877
d 2 878
d 2 879
d 2 880
d 2 889
d 2 890
d 2 891
d 2 892
d 2 893
d 2 894
d 2 895
d 2 896
d 2 905
d 2 906
d 2 907
d 2 908
d 2 909
d 2 910
d 2 911
d 2 912
d 2 881
d 2 882
d 2 883
d 2 884
d 2 885
d 2 886
d 2 887
d 2 888
d 2 913
d 2 914
d 2 915
d 2 916
d 2 917
d 2 918
d 2 919
d 2 920
d 2 897
d 2 898
d 2 899
d 2 900
d 2 901
d 2 902
d 2 903
d 2 904
d 2 921
d 2 922
d 2 923
d 2 924
d 2 925
d 2 926
d 2 927
d 2 928
d 2 929
d 2 930
d 2 931
d 2 932
d 2 933
d 2 934
d 2 935
d 2 936
d 2 945
d 2 946
d 2 947
d 2 948
d 2 949
d 2 950
d 2 951
d 2 952
d 3 25
d 3 26
d 3 27
d 3 28
d 3 29
d 3 30
d 3 31
d 3 32
d 2 937
d 2 938
d 2 939
d 2 940
d 2 941
d 2 942
d 2 943
d 2 944
d 2 953
d 2 954
d 2 955
d 2 956
d 2 957
d 2 958
d 2 959
d 2 960
d 3 9
d 3 10
d 3 11
d 3 12
d 3 13
d 3 14
d 3 15
d 3 16
d 2 977
d 2 978
d 2 979
d 2 980
d 2 981
d 2 982
d 2 983
d 2 984
d 3 33
d 3 34
d 3 35
d 3 36
d 3 37
d 3 38
d 3 39
d 3 40
d 3 1
d 3 2
d 3 3
d 3 4
d 3 5
d 3 6
d 3 7
d 3 8
d 3 17
d 3 18
d 3 19
d 3 20
d 3 21
d 3 22
d 3 23
d 3 24
d 3 41
d 3 42
d 3 43
d 3 44
d 3 45
d 3 46
d 3 47
d 3 48
d 3 49
d 3 50
d 3 51
d 3 52
d 3 53
d 3 54
d 3 55
d 3 56
d 3 65
d 3 66
d 3 67
d 3 68
d 3 69
d 3 70
d 3 71
d 3 72
d 2 969
d 2 970
d 2 971
d 2 972
d 2 973
d 2 974
d 2 975
d 2 976
d 3 57
d 3 58
d 3 59
d 3 60
d 3 61
d 3 62
d 3 63
d 3 64
d 2 961
d 2 962
d 2 963
d 2 964
d 2 965
d 2 966
d 2 967
d 2 968
d 3 81
d 3 82
d 3 83
d 3 84
d 3 85
d 3 86
d 3 87
d 3 88
d 2 985
d 2 986
d 2 987
d 2 988
d 2 989
d 2 990
d 2 991
d 2 992
d 3 73
d 3 74
d 3 75
d 3 76
d 3 77
d 3 78
d 3 79
d 3 80
d 2 1001
d 2 1002
d 2 1003
d 2 1004
d 2 1005
d 2 1006
d 2 1007
d 2 1008
d 3 105
d 3 106
d 3 107
d 3 108
d 3 109
d 3 110
d 3 111
d 3 112
d 3 89
d 3 90
d 3 91
d 3 92
d 3 93
d 3 94
d 3 95
d 3 96
d 2 993
d 2 994
d 2 995
d 2 996
d 2 997
d 2 998
d 2 999
d 2 1000
d 2 1025
d 2 1026
d 2 1027
d 2 1028
d 2 1029
d 2 1030
d 2 1031
d 2 1032
d 3 97
d 3 98
d 3 99
d 3 100
d 3 101
d 3 102
d 3 103
d 3 104
d 2 1009
d 2 1010
d 2 1011
d 2 1012
d 2 1013
d 2 1014
d 2 1015
d 2 1016
d 3 137
d 3 138
d 3 139
d 3 140
d 3 141
d 3 142
d 3 143
d 3 144
d 3 113
d 3 114
d 3 115
d 3 116
d 3 117
d 3 118
d 3 119
d 3 120
d 2 1017
d 2 1018
d 2 1019
d 2 1020
d 2 1021
d 2 1022
d 2 1023
d 2 1024
d 3 121
d 3 122
d 3 123
d 3 124
d 3 125
d 3 126
d 3 127
d 3 128
d 2 1049
d 2 1050
d 2 1051
d 2 1052
d 2 1053
d 2 1054
d 2 1055
d 2 1056
d 2 1033
d 2 1034
d 2 1035
d 2 1036
d 2 1037
d 2 1038
d 2 1039
d 2 1040
d 2 1073
d 2 1074
d 2 1075
d 2 1076
d 2 1077
d 2 1078
d 2 1079
d 2 1080
d 3 129
d 3 130
d 3 131
d 3 132
d 3 133
d 3 134
d 3 135
d 3 136
d 3 145
d 3 146
d 3 147
d 3 148
d 3 149
d 3 150
d 3 151
d 3 152
d 2 1065
d 2 1066
d 2 1067
d 2 1068
d 2 1069
d 2 1070
d 2 1071
d 2 1072
d 3 153
d 3 154
d 3 155
d 3 156
d 3 157
d 3 158
d 3 159
d 3 160
d 2 1057
d 2 1058
d 2 1059
d 2 1060
d 2 1061
d 2 1062
d 2 1063
d 2 1064
d 2 1041
d 2 1042
d 2 1043
d 2 1044
d 2 1045
d 2 1046
d 2 1047
d 2 1048
d 2 1081
d 2 1082
d 2 1083
d 2 1084
d 2 1085
d 2 1086
d 2 1087
d 2 1088
d 2 1089
d 2 1090
d 2 1091
d 2 1092
d 2 1093
d 2 1094
d 2 1095
d 2 1096
d 3 201
d 3 202
d 3 203
d 3 204
d 3 205
d 3 206
d 3 207
d 3 208
d 2 1097
d 2 1098
d 2 1099
d 2 1100
d 2 1101
d 2 1102
d 2 1103
d 2 1104
d 2 1105
d 2 1106
d 2 1107
d 2 1108
d 2 1109
d 2 1110
d 2 1111
d 2 1112
d 2 1121
d 2 1122
d 2 1123
d 2 1124
d 2 1125
d 2 1126
d 2 1127
d 2 1128
d 3 177
d 3 178
d 3 179
d 3 180
d 3 181
d 3 182
d 3 183
d 3 184
d 2 1137
d 2 1138
d 2 1139
d 2 1140
d 2 1141
d 2 1142
d 2 1143
d 2 1144
d 3 161
d 3 162
d 3 163
d 3 164
d 3 165
d 3 166
d 3 167
d 3 168
d 3 169
d 3 170
d 3 171
d 3 172
d 3 173
d 3 174
d 3 175
d 3 176
d 2 1129
d 2 1130
d 2 1131
d 2 1132
d 2 1133
d 2 1134
d 2 1135
d 2 1136
d 2 1145
d 2 1146
d 2 1147
d 2 1148
d 2 1149
d 2 1150
d 2 1151
d 2 1152
d 3 217
d 3 218
d 3 219
d 3 220
d 3 221
d 3 222
d 3 223
d 3 224
d 2 1153
d 2 1154
d 2 1155
d 2 1156
d 2 1157
d 2 1158
d 2 1159
d 2 1160
d 2 1113
d 2 1114
d 2 1115
d 2 1116
d 2 1117
d 2 1118
d 2 1119
d 2 1120
d 3 185
d 3 186
d 3 187
d 3 188
d 3 189
d 3 190
d 3 191
d 3 192
d 3 193
d 3 194
d 3 195
d 3 196
d 3 197
d 3 198
d 3 199
d 3 200
d 3 209
d 3 210
d 3 211
d 3 212
d 3 213
d 3 214
d 3 215
d 3 216
d 2 1185
d 2 1186
d 2 1187
d 2 1188
d 2 1189
d 2 1190
d 2 1191
d 2 1192
d 2 1161
d 2 1162
d 2 1163
d 2 1164
d 2 1165
d 2 1166
d 2 1167
d 2 1168
d 2 1169
d 2 1170
d 2 1171
d 2 1172
d 2 1173
d 2 1174
d 2 1175
d 2 1176
d 2 1177
d 2 1178
d 2 1179
d 2 1180
d 2 1181
d 2 1182
d 2 1183
d 2 1184
d 2 1193
d 2 1194
d 2 1195
d 2 1196
d 2 1197
d 2 1198
d 2 1199
d 2 1200
d 2 1201
d 2 1202
d 2 1203
d 2 1204
d 2 1205
d 2 1206
d 2 1207
d 2 1208
d 3 241
d 3 242
d 3 243
d 3 244
d 3 245
d 3 246
d 3 247
d 3 248
d 2 1225
d 2 1226
d 2 1227
d 2 1228
d 2 1229
d 2 1230
d 2 1231
d 2 1232
d 2 1233
d 2 1234
d 2 1235
d 2 1236
d 2 1237
d 2 1238
d 2 1239
d 2 1240
d 3 249
d 3 250
d 3 251
d 3 252
d 3 253
d 3 254
d 3 255
d 3 256
d 3 257
d 3 258
d 3 259
d 3 260
d 3 261
d 3 262
d 3 263
d 3 264
d 3 225
d 3 226
d 3 227
d 3 228
d 3 229
d 3 230
d 3 231
d 3 232
d 3 265
d 3 266
d 3 267
d 3 268
d 3 269
d 3 270
d 3 271
d 3 272
d 2 1217
d 2 1218
d 2 1219
d 2 1220
d 2 1221
d 2 1222
d 2 1223
d 2 1224
d 2 1209
d 2 1210
d 2 1211
d 2 1212
d 2 1213
d 2 1214
d 2 1215
d 2 1216
d 3 233
d 3 234
d 3 235
d 3 236
d 3 237
d 3 238
d 3 239
d 3 240
d 2 1249
d 2 1250
d 2 1251
d 2 1252
d 2 1253
d 2 1254
d 2 1255
d 2 1256
d 3 273
d 3 274
d 3 275
d 3 276
d 3 277
d 3 278
d 3 279
d 3 280
d 3 281
d 3 282
d 3 283
d 3 284
d 3 285
d 3 286
d 3 287
d 3 288
d 3 305
d 3 306
d 3 307
d 3 308
d 3 309
d 3 310
d 3 311
d 3 312
d 3 297
d 3 298
d 3 299
d 3 300
d 3 301
d 3 302
d 3 303
d 3 304
d 2 1265
d 2 1266
d 2 1267
d 2 1268
d 2 1269
d 2 1270
d 2 1271
d 2 1272
d 2 1241
d 2 1242
d 2 1243
d 2 1244
d 2 1245
d 2 1246
d 2 1247
d 2 1248
d 2 1257
d 2 1258
d 2 1259
d 2 1260
d 2 1261
d 2 1262
d 2 1263
d 2 1264
d 3 329
d 3 330
d 3 331
d 3 332
d 3 333
d 3 334
d 3 335
d 3 336
d 3 321
d 3 322
d 3 323
d 3 324
d 3 325
d 3 326
d 3 327
d 3 328
d 3 289
d 3 290
d 3 291
d 3 292
d 3 293
d 3 294
d 3 295
d 3 296
d 3 337
d 3 338
d 3 339
d 3 340
d 3 341
d 3 342
d 3 343
d 3 344
d 2 1273
d 2 1274
d 2 1275
d 2 1276
d 2 1277
d 2 1278
d 2 1279
d 2 1280
d 3 313
d 3 314
d 3 315
d 3 316
d 3 317
d 3 318
d 3 319
d 3 320
d 2 1289
d 2 1290
d 2 1291
d 2 1292
d 2 1293
d 2 1294
d 2 1295
d 2 1296
d 2 1313
d 2 1314
d 2 1315
d 2 1316
d 2 1317
d 2 1318
d 2 1319
d 2 1320
d 3 361
d 3 362
d 3 363
d 3 364
d 3 365
d 3 366
d 3 367
d 3 368
d 2 1297
d 2 1298
d 2 1299
d 2 1300
d 2 1301
d 2 1302
d 2 1303
d 2 1304
d 2 1329
d 2 1330
d 2 1331
d 2 1332
d 2 1333
d 2 1334
d 2 1335
d 2 1336
d 2 1281
d 2 1282
d 2 1283
d 2 1284
d 2 1285
d 2 1286
d 2 1287
d 2 1288
d 2 1321
d 2 1322
d 2 1323
d 2 1324
d 2 1325
d 2 1326
d 2 1327
d 2 1328
d 3 345
d 3 346
d 3 347
d 3 348
d 3 349
d 3 350
d 3 351
d 3 352
d 2 1305
d 2 1306
d 2 1307
d 2 1308
d 2 1309
d 2 1310
d 2 1311
d 2 1312
d 3 353
d 3 354
d 3 355
d 3 356
d 3 357
d 3 358
d 3 359
d 3 360
d 3 369
d 3 370
d 3 371
d 3 372
d 3 373
d 3 374
d 3 375
d 3 376
d 3 385
d 3 386
d 3 387
d 3 388
d 3 389
d 3 390
d 3 391
d 3 392
d 3 393
d 3 394
d 3 395
d 3 396
d 3 397
d 3 398
d 3 399
d 3 400
d 3 377
d 3 378
d 3 379
d 3 380
d 3 381
d 3 382
d 3 383
d 3 384
d 2 1361
d 2 1362
d 2 1363
d 2 1364
d 2 1365
d 2 1366
d 2 1367
d 2 1368
d 2 1337
d 2 1338
d 2 1339
d 2 1340
d 2 1341
d 2 1342
d 2 1343
d 2 1344
d 2 1345
d 2 1346
d 2 1347
d 2 1348
d 2 1349
d 2 1350
d 2 1351
d 2 1352
d 2 1353
d 2 1354
d 2 1355
d 2 1356
d 2 1357
d 2 1358
d 2 1359
d 2 1360
d 2 1401
d 2 1402
d 2 1403
d 2 1404
d 2 1405
d 2 1406
d 2 1407
d 2 1408
d 3 417
d 3 418
d 3 419
d 3 420
d 3 421
d 3 422
d 3 423
d 3 424
d 3 409
d 3 410
d 3 411
d 3 412
d 3 413
d 3 414
d 3 415
d 3 416
d 2 1369
d 2 1370
d 2 1371
d 2 1372
d 2 1373
d 2 1374
d 2 1375
d 2 1376
d 2 1377
d 2 1378
d 2 1379
d 2 1380
d 2 1381
d 2 1382
d 2 1383
d 2 1384
d 2 1385
d 2 1386
d 2 1387
d 2 1388
d 2 1389
d 2 1390
d 2 1391
d 2 1392
d 3 433
d 3 434
d 3 435
d 3 436
d 3 437
d 3 438
d 3 439
d 3 440
d 3 401
d 3 402
d 3 403
d 3 404
d 3 405
d 3 406
d 3 407
d 3 408
d 3 425
d 3 426
d 3 427
d 3 428
d 3 429
d 3 430
d 3 431
d 3 432
d 3 449
d 3 450
d 3 451
d 3 452
d 3 453
d 3 454
d 3 455
d 3 456
d 3 457
d 3 458
d 3 459
d 3 460
d 3 461
d 3 462
d 3 463
d 3 464
d 2 1393
d 2 1394
d 2 1395
d 2 1396
d 2 1397
d 2 1398
d 2 1399
d 2 1400
d 3 473
d 3 474
d 3 475
d 3 476
d 3 477
d 3 478
d 3 479
d 3 480
d 3 441
d 3 442
d 3 443
d 3 444
d 3 445
d 3 446
d 3 447
d 3 448
d 2 1409
d 2 1410
d 2 1411
d 2 1412
d 2 1413
d 2 1414
d 2 1415
d 2 1416
d 3 481
d 3 482
d 3 483
d 3 484
d 3 485
d 3 486
d 3 487
d 3 488
d 2 1417
d 2 1418
d 2 1419
d 2 1420
d 2 1421
d 2 1422
d 2 1423
d 2 1424
d 3 465
d 3 466
d 3 467
d 3 468
d 3 469
d 3 470
d 3 471
d 3 472
d 3 489
d 3 490
d 3 491
d 3 492
d 3 493
d 3 494
d 3 495
d 3 496
d 2 1425
d 2 1426
d 2 1427
d 2 1428
d 2 1429
d 2 1430
d 2 1431
d 2 1432
d 2 1440
d 2 1441
d 2 1442
d 2 1443
d 2 1444
d 2 1445
d 2 1446
d 1 10
d 3 497
d 3 498
d 3 499
d 3 500
d 3 501
d 3 502
d 3 503
d 3 504
d 3 505
d 3 506
d 3 507
d 3 508
d 3 509
d 3 510
d 3 511
d 3 512
d 3 529
d 3 530
d 3 531
d 3 532
d 3 533
d 3 534
d 3 535
d 3 536
d 3 537
d 3 538
d 3 539
d 3 540
d 3 541
d 3 542
d 3 543
d 3 544
d 2 1433
d 2 1434
d 2 1435
d 2 1436
d 2 1437
d 2 1438
d 2 1439
d 1 9
d 2 1447
d 2 1448
d 2 1449
d 2 1450
d 1 11
d 2 1451
d 2 1452
d 2 1453
d 3 513
d 3 514
d 3 515
d 3 516
d 3 517
d 3 518
d 3 519
d 3 520
d 2 1454
d 1 12
d 2 1455
d 2 1456
d 2 1457
d 2 1458
d 1 13
d 2 1459
d 2 1460
d 2 1461
d 2 1462
d 1 14
d 2 1463
d 2 1464
d 2 1465
d 1 15
d 3 521
d 3 522
d 3 523
d 3 524
d 3 525
d 3 526
d 3 527
d 3 528
d 3 545
d 3 546
d 3 547
d 3 548
d 3 549
d 3 550
d 3 551
d 3 552
d 2 1466
d 2 1467
d 2 1468
d 2 1469
d 1 16
d 2 1470
d 2 1471
d 2 1472
d 3 553
d 3 554
d 3 555
d 3 556
d 3 557
d 3 558
d 3 559
d 3 560
d 3 569
d 3 570
d 3 571
d 3 572
d 3 573
d 3 574
d 3 575
d 3 576
d 2 1481
d 2 1482
d 2 1483
d 2 1484
d 2 1485
d 2 1486
d 2 1487
d 2 1488
d 3 577
d 3 578
d 3 579
d 3 580
d 3 581
d 3 582
d 3 583
d 3 584
d 3 561
d 3 562
d 3 563
d 3 564
d 3 565
d 3 566
d 3 567
d 3 568
d 3 585
d 3 586
d 3 587
d 3 588
d 3 589
d 3 590
d 3 591
d 3 592
d 3 601
d 3 602
d 3 603
d 3 604
d 3 605
d 3 606
d 3 607
d 3 608
d 3 593
d 3 594
d 3 595
d 3 596
d 3 597
d 3 598
d 3 599
d 3 600
d 3 617
d 3 618
d 3 619
d 3 620
d 3 621
d 3 622
d 3 623
d 3 624
d 3 609
d 3 610
d 3 611
d 3 612
d 3 613
d 3 614
d 3 615
d 3 616
d 3 625
d 3 626
d 3 627
d 3 628
d 3 629
d 3 630
d 3 631
d 3 632
d 2 1521
d 2 1522
d 2 1523
d 2 1524
d 2 1525
d 2 1526
d 2 1527
d 2 1528
d 2 1473
d 2 1474
d 2 1475
d 2 1476
d 2 1477
d 2 1478
d 2 1479
d 2 1480
d 3 649
d 3 650
d 3 651
d 3 652
d 3 653
d 3 654
d 3 655
d 3 656
d 2 1489
d 2 1490
d 2 1491
d 2 1492
d 2 1493
d 2 1494
d 2 1495
d 2 1496
d 2 1497
d 2 1498
d 2 1499
d 2 1500
d 2 1501
d 2 1502
d 2 1503
d 2 1504
d 2 1529
d 2 1530
d 2 1531
d 2 1532
d 2 1533
d 2 1534
d 2 1535
d 2 1536
d 3 657
d 3 658
d 3 659
d 3 660
d 3 661
d 3 662
d 3 663
d 3 664
d 3 633
d 3 634
d 3 635
d 3 636
d 3 637
d 3 638
d 3 639
d 3 640
d 3 641
d 3 642
d 3 643
d 3 644
d 3 645
d 3 646
d 3 647
d 3 648
d 2 1505
d 2 1506
d 2 1507
d 2 1508
d 2 1509
d 2 1510
d 2 1511
d 2 1512
d 2 1537
d 2 1538
d 2 1539
d 2 1540
d 2 1541
d 2 1542
d 2 1543
d 2 1544
d 2 1553
d 2 1554
d 2 1555
d 2 1556
d 2 1557
d 2 1558
d 2 1559
d 2 1560
d 2 1513
d 2 1514
d 2 1515
d 2 1516
d 2 1517
d 2 1518
d 2 1519
d 2 1520
d 3 665
d 3 666
d 3 667
d 3 668
d 3 669
d 3 670
d 3 671
d 3 672
d 3 689
d 3 690
d 3 691
d 3 692
d 3 693
d 3 694
d 3 695
d 3 696
d 3 673
d 3 674
d 3 675
d 3 676
d 3 677
d 3 678
d 3 679
d 3 680
d 2 1545
d 2 1546
d 2 1547
d 2 1548
d 2 1549
d 2 1550
d 2 1551
d 2 1552
d 2 1561
d 2 1562
d 2 1563
d 2 1564
d 2 1565
d 2 1566
d 2 1567
d 2 1568
d 3 681
d 3 682
d 3 683
d 3 684
d 3 685
d 3 686
d 3 687
d 3 688
d 3 721
d 3 722
d 3 723
d 3 724
d 3 725
d 3 726
d 3 727
d 3 728
d 3 705
d 3 706
d 3 707
d 3 708
d 3 709
d 3 710
d 3 711
d 3 712
d 3 713
d 3 714
d 3 715
d 3 716
d 3 717
d 3 718
d 3 719
d 3 720
d 2 1569
d 2 1570
d 2 1571
d 2 1572
d 2 1573
d 2 1574
d 2 1575
d 2 1576
d 3 729
d 3 730
d 3 731
d 3 732
d 3 733
d 3 734
d 3 735
d 3 736
d 2 1585
d 2 1586
d 2 1587
d 2 1588
d 2 1589
d 2 1590
d 2 1591
d 2 1592
d 3 697
d 3 698
d 3 699
d 3 700
d 3 701
d 3 702
d 3 703
d 3 704
d 3 737
d 3 738
d 3 739
d 3 740
d 3 741
d 3 742
d 3 743
d 3 744
d 2 1593
d 2 1594
d 2 1595
d 2 1596
d 2 1597
d 2 1598
d 2 1599
d 2 1600
d 2 1577
d 2 1578
d 2 1579
d 2 1580
d 2 1581
d 2 1582
d 2 1583
d 2 1584
d 2 1601
d 2 1602
d 2 1603
d 2 1604
d 2 1605
d 2 1606
d 2 1607
d 2 1608
d 2 1649
d 2 1650
d 2 1651
d 2 1652
d 2 1653
d 2 1654
d 2 1655
d 2 1656
d 3 745
d 3 746
d 3 747
d 3 748
d 3 749
d 3 750
d 3 751
d 3 752
d 3 753
d 3 754
d 3 755
d 3 756
d 3 757
d 3 758
d 3 759
d 3 760
d 2 1625
d 2 1626
d 2 1627
d 2 1628
d 2 1629
d 2 1630
d 2 1631
d 2 1632
d 2 1609
d 2 1610
d 2 1611
d 2 1612
d 2 1613
d 2 1614
d 2 1615
d 2 1616
d 3 793
d 3 794
d 3 795
d 3 796
d 3 797
d 3 798
d 3 799
d 3 800
d 2 1633
d 2 1634
d 2 1635
d 2 1636
d 2 1637
d 2 1638
d 2 1639
d 2 1640
d 3 761
d 3 762
d 3 763
d 3 764
d 3 765
d 3 766
d 3 767
d 3 768
d 3 785
d 3 786
d 3 787
d 3 788
d 3 789
d 3 790
d 3 791
d 3 792
d 2 1617
d 2 1618
d 2 1619
d 2 1620
d 2 1621
d 2 1622
d 2 1623
d 2 1624
d 2 1641
d 2 1642
d 2 1643
d 2 1644
d 2 1645
d 2 1646
d 2 1647
d 2 1648
d 2 1657
d 2 1658
d 2 1659
d 2 1660
d 2 1661
d 2 1662
d 2 1663
d 2 1664
d 3 777
d 3 778
d 3 779
d 3 780
d 3 781
d 3 782
d 3 783
d 3 784
d 3 769
d 3 770
d 3 771
d 3 772
d 3 773
d 3 774
d 3 775
d 3 776
d 3 801
d 3 802
d 3 803
d 3 804
d 2 1681
d 2 1682
d 2 1683
d 2 1684
d 2 1685
d 2 1686
d 2 1687
d 2 1688
d 3 821
d 3 822
d 3 823
d 3 824
d 3 825
d 3 826
d 3 827
d 3 828
d 3 805
d 3 806
d 3 807
d 3 808
d 3 809
d 3 810
d 3 811
d 3 812
d 2 1689
d 2 1690
d 2 1691
d 2 1692
d 2 1693
d 2 1694
d 2 1695
d 2 1696
d 2 1713
d 2 1714
d 2 1715
d 2 1716
d 2 1717
d 2 1718
d 2 1719
d 2 1720
d 2 1697
d 2 1698
d 2 1699
d 2 1700
d 2 1701
d 2 1702
d 2 1703
d 2 1704
d 2 1705
d 2 1706
d 2 1707
d 2 1708
d 2 1709
d 2 1710
d 2 1711
d 2 1712
d 2 1665
d 2 1666
d 2 1667
d 2 1668
d 2 1669
d 2 1670
d 2 1671
d 2 1672
d 3 829
d 3 830
d 3 831
d 3 832
d 3 833
d 3 834
d 3 835
d 3 836
d 3 813
d 3 814
d 3 815
d 3 816
d 3 817
d 3 818
d 3 819
d 3 820
d 2 1673
d 2 1674
d 2 1675
d 2 1676
d 2 1677
d 2 1678
d 2 1679
d 2 1680
d 3 837
d 3 838
d 3 839
d 3 840
d 3 841
d 3 842
d 3 843
d 3 844
d 3 845
d 3 846
d 3 847
d 3 848
d 3 849
d 3 850
d 3 851
d 3 852
d 2 1745
d 2 1746
d 2 1747
d 2 1748
d 2 1749
d 2 1750
d 2 1751
d 2 1752
d 2 1721
d 2 1722
d 2 1723
d 2 1724
d 2 1725
d 2 1726
d 2 1727
d 2 1728
d 3 861
d 3 862
d 3 863
d 3 864
d 3 865
d 3 866
d 3 867
d 3 868
d 2 1729
d 2 1730
d 2 1731
d 2 1732
d 2 1733
d 2 1734
d 2 1735
d 2 1736
d 3 853
d 3 854
d 3 855
d 3 856
d 3 857
d 3 858
d 3 859
d 3 860
d 3 869
d 3 870
d 3 871
d 3 872
d 3 873
d 3 874
d 3 875
d 3 876
d 2 1737
d 2 1738
d 2 1739
d 2 1740
d 2 1741
d 2 1742
d 2 1743
d 2 1744
d 3 877
d 3 878
d 3 879
d 3 880
d 3 881
d 3 882
d 3 883
d 3 884
d 2 1753
d 2 1754
d 2 1755
d 2 1756
d 2 1757
d 2 1758
d 2 1759
d 2 1760
d 2 1761
d 2 1762
d 2 1763
d 2 1764
d 2 1765
d 2 1766
d 2 1767
d 2 1768
d 2 1769
d 2 1770
d 2 1771
d 2 1772
d 2 1773
d 2 1774
d 2 1775
d 2 1776
d 2 1777
d 2 1778
d 2 1779
d 2 1780
d 2 1781
d 2 1782
d 2 1783
d 2 1784
d 2 1809
d 2 1810
d 2 1811
d 2 1812
d 2 1813
d 2 1814
d 2 1815
d 2 1816
d 3 885
d 3 886
d 3 887
d 3 888
d 3 889
d 3 890
d 3 891
d 3 892
d 2 1793
d 2 1794
d 2 1795
d 2 1796
d 2 1797
d 2 1798
d 2 1799
d 2 1800
d 3 893
d 3 894
d 3 895
d 3 896
d 3 897
d 3 898
d 3 899
d 3 900
d 3 901
d 3 902
d 3 903
d 3 904
d 3 905
d 3 906
d 3 907
d 3 908
d 2 1817
d 2 1818
d 2 1819
d 2 1820
d 2 1821
d 2 1822
d 2 1823
d 2 1824
d 2 1785
d 2 1786
d 2 1787
d 2 1788
d 2 1789
d 2 1790
d 2 1791
d 2 1792
d 2 1801
d 2 1802
d 2 1803
d 2 1804
d 2 1805
d 2 1806
d 2 1807
d 2 1808
d 2 1825
d 2 1826
d 2 1827
d 2 1828
d 2 1829
d 2 1830
d 2 1831
d 2 1832
d 2 1833
d 2 1834
d 2 1835
d 2 1836
d 2 1837
d 2 1838
d 2 1839
d 2 1840
d 2 1881
d 2 1882
d 2 1883
d 2 1884
d 2 1885
d 2 1886
d 2 1887
d 2 1888
d 2 1857
d 2 1858
d 2 1859
d 2 1860
d 2 1861
d 2 1862
d 2 1863
d 2 1864
d 2 1841
d 2 1842
d 2 1843
d 2 1844
d 2 1845
d 2 1846
d 2 1847
d 2 1848
d 3 909
d 3 910
d 3 911
d 3 912
d 3 913
d 3 914
d 3 915
d 3 916
d 2 1849
d 2 1850
d 2 1851
d 2 1852
d 2 1853
d 2 1854
d 2 1855
d 2 1856
d 3 917
d 3 918
d 3 919
d 3 920
d 3 921
d 3 922
d 3 923
d 3 924
d 3 941
d 3 942
d 3 943
d 3 944
d 3 945
d 3 946
d 3 947
d 3 948
d 3 949
d 3 950
d 3 951
d 3 952
d 3 953
d 3 954
d 3 955
d 3 956
d 3 925
d 3 926
d 3 927
d 3 928
d 3 929
d 3 930
d 3 931
d 3 932
d 2 1873
d 2 1874
d 2 1875
d 2 1876
d 2 1877
d 2 1878
d 2 1879
d 2 1880
d 3 933
d 3 934
d 3 935
d 3 936
d 3 937
d 3 938
d 3 939
d 3 940
d 2 1865
d 2 1866
d 2 1867
d 2 1868
d 2 1869
d 2 1870
d 2 1871
d 2 1872
d 3 957
d 3 958
d 3 959
d 3 960
d 3 961
d 3 962
d 3 963
d 3 964
d 2 1929
d 2 1930
d 2 1931
d 2 1932
d 2 1933
d 2 1934
d 2 1935
d 2 1936
d 2 1921
d 2 1922
d 2 1923
d 2 1924
d 2 1925
d 2 1926
d 2 1927
d 2 1928
d 2 1897
d 2 1898
d 2 1899
d 2 1900
d 2 1901
d 2 1902
d 2 1903
d 2 1904
d 2 1913
d 2 1914
d 2 1915
d 2 1916
d 2 1917
d 2 1918
d 2 1919
d 2 1920
d 2 1889
d 2 1890
d 2 1891
d 2 1892
d 2 1893
d 2 1894
d 2 1895
d 2 1896
d 3 965
d 3 966
d 3 967
d 3 968
d 3 969
d 3 970
d 3 971
d 3 972
d 3 981
d 3 982
d 3 983
d 3 984
d 3 985
d 3 986
d 3 987
d 3 988
d 3 989
d 3 990
d 3 991
d 3 992
d 3 993
d 3 994
d 3 995
d 3 996
d 2 1905
d 2 1906
d 2 1907
d 2 1908
d 2 1909
d 2 1910
d 2 1911
d 2 1912
d 3 997
d 3 998
d 3 999
d 3 1000
d 3 1001
d 3 1002
d 3 1003
d 3 1004
d 2 1937
d 2 1938
d 2 1939
d 2 1940
d 2 1941
d 2 1942
d 2 1943
d 2 1944
d 3 973
d 3 974
d 3 975
d 3 976
d 3 977
d 3 978
d 3 979
d 3 980
d 3 1021
d 3 1022
d 3 1023
d 3 1024
d 3 1025
d 3 1026
d 3 1027
d 3 1028
d 3 1005
d 3 1006
d 3 1007
d 3 1008
d 3 1009
d 3 1010
d 3 1011
d 3 1012
d 3 1013
d 3 1014
d 3 1015
d 3 1016
d 3 1017
d 3 1018
d 3 1019
d 3 1020
d 2 1945
d 2 1946
d 2 1947
d 2 1948
d 2 1949
d 2 1950
d 2 1951
d 2 1952
d 2 1985
d 2 1986
d 2 1987
d 2 1988
d 2 1989
d 2 1990
d 2 1991
d 2 1992
d 2 1993
d 2 1994
d 2 1995
d 2 1996
d 2 1997
d 2 1998
d 2 1999
d 2 2000
d 2 1953
d 2 1954
d 2 1955
d 2 1956
d 2 1957
d 2 1958
d 2 1959
d 2 1960
d 3 1037
d 3 1038
d 3 1039
d 3 1040
d 3 1041
d 3 1042
d 3 1043
d 3 1044
d 3 1029
d 3 1030
d 3 1031
d 3 1032
d 3 1033
d 3 1034
d 3 1035
d 3 1036
d 2 1961
d 2 1962
d 2 1963
d 2 1964
d 2 1965
d 2 1966
d 2 1967
d 2 1968
d 2 1969
d 2 1970
d 2 1971
d 2 1972
d 2 1973
d 2 1974
d 2 1975
d 2 1976
d 1 33
d 1 34
d 1 35
d 1 36
d 1 37
d 1 38
d 1 39
d 1 40
d 3 1045
d 3 1046
d 3 1047
d 3 1048
d 3 1049
d 3 1050
d 3 1051
d 3 1052
d 3 1053
d 3 1054
d 3 1055
d 3 1056
d 3 1057
d 3 1058
d 3 1059
d 3 1060
d 1 49
d 1 50
d 1 51
d 1 52
d 1 53
d 1 54
d 1 55
d 1 56
d 3 1093
d 3 1094
d 3 1095
d 3 1096
d 3 1097
d 3 1098
d 3 1099
d 3 1100
d 3 1069
d 3 1070
d 3 1071
d 3 1072
d 3 1073
d 3 1074
d 3 1075
d 3 1076
d 1 57
d 1 58
d 1 59
d 1 60
d 1 61
d 1 62
d 1 63
d 1 64
d 3 1061
d 3 1062
d 3 1063
d 3 1064
d 3 1065
d 3 1066
d 3 1067
d 3 1068
d 2 1977
d 2 1978
d 2 1979
d 2 1980
d 2 1981
d 2 1982
d 2 1983
d 2 1984
d 3 1085
d 3 1086
d 3 1087
d 3 1088
d 3 1089
d 3 1090
d 3 1091
d 3 1092
d 3 1077
d 3 1078
d 3 1079
d 3 1080
d 3 1081
d 3 1082
d 3 1083
d 3 1084
d 3 1101
d 3 1102
d 3 1103
d 3 1104
d 3 1105
d 3 1106
d 3 1107
d 3 1108
d 3 1109
d 3 1110
d 3 1111
d 3 1112
d 3 1113
d 3 1114
d 3 1115
d 3 1116
d 1 73
d 1 74
d 1 75
d 1 76
d 1 77
d 1 78
d 1 79
d 1 80
d 3 1141
d 3 1142
d 3 1143
d 3 1144
d 3 1145
d 3 1146
d 3 1147
d 3 1148
d 1 81
d 1 82
d 1 83
d 1 84
d 1 85
d 1 86
d 1 87
d 1 88
d 1 89
d 1 90
d 1 91
d 1 92
d 1 93
d 1 94
d 1 95
d 1 96
d 3 1125
d 3 1126
d 3 1127
d 3 1128
d 3 1129
d 3 1130
d 3 1131
d 3 1132
d 3 1117
d 3 1118
d 3 1119
d 3 1120
d 3 1121
d 3 1122
d 3 1123
d 3 1124
d 1 17
d 1 18
d 1 19
d 1 20
d 1 21
d 1 22
d 1 23
d 1 24
d 1 65
d 1 66
d 1 67
d 1 68
d 1 69
d 1 70
d 1 71
d 1 72
d 3 1149
d 3 1150
d 3 1151
d 3 1152
d 3 1153
d 3 1154
d 3 1155
d 3 1156
d 1 105
d 1 106
d 1 107
d 1 108
d 1 109
d 1 110
d 1 111
d 1 112
d 3 1133
d 3 1134
d 3 1135
d 3 1136
d 3 1137
d 3 1138
d 3 1139
d 3 1140
d 3 1157
d 3 1158
d 3 1159
d 3 1160
d 3 1161
d 3 1162
d 3 1163
d 3 1164
d 3 1173
d 3 1174
d 3 1175
d 3 1176
d 3 1177
d 3 1178
d 3 1179
d 3 1180
d 1 97
d 1 98
d 1 99
d 1 100
d 1 101
d 1 102
d 1 103
d 1 104
d 1 113
d 1 114
d 1 115
d 1 116
d 1 117
d 1 118
d 1 119
d 1 120
d 1 121
d 1 122
d 1 123
d 1 124
d 1 125
d 1 126
d 1 127
d 1 128
d 3 1165
d 3 1166
d 3 1167
d 3 1168
d 3 1169
d 3 1170
d 3 1171
d 3 1172
d 1 145
d 1 146
d 1 147
d 1 148
d 1 149
d 1 150
d 1 151
d 1 152
d 3 1197
d 3 1198
d 3 1199
d 3 1200
d 3 1201
d 3 1202
d 3 1203
d 3 1204
d 3 1181
d 3 1182
d 3 1183
d 3 1184
d 3 1185
d 3 1186
d 3 1187
d 3 1188
d 3 1205
d 3 1206
d 3 1207
d 3 1208
d 3 1209
d 3 1210
d 3 1211
d 3 1212
d 3 1213
d 3 1214
d 3 1215
d 3 1216
d 1 137
d 1 138
d 1 139
d 1 140
d 1 141
d 1 142
d 1 143
d 1 144
d 1 129
d 1 130
d 1 131
d 1 132
d 1 133
d 1 134
d 1 135
d 1 136
d 3 1189
d 3 1190
d 3 1191
d 3 1192
d 3 1193
d 3 1194
d 3 1195
d 3 1196
d 1 153
d 1 154
d 1 155
d 1 156
d 1 157
d 1 158
d 1 159
d 1 160
d 3 1225
d 3 1226
d 3 1227
d 3 1228
d 3 1229
d 3 1230
d 3 1217
d 3 1218
d 3 1219
d 3 1220
d 3 1221
d 3 1222
d 3 1223
d 3 1224
d 3 1246
d 3 1247
d 3 1248
d 3 1249
d 3 1250
d 3 1251
d 3 1252
d 3 1253
d 1 161
d 1 162
d 1 163
d 1 164
d 1 165
d 1 166
d 1 167
d 1 168
d 1 185
d 1 186
d 1 187
d 1 188
d 1 189
d 1 190
d 1 191
d 1 192
d 1 169
d 1 170
d 1 171
d 1 172
d 1 173
d 1 174
d 1 175
d 1 176
d 3 1231
d 3 1232
d 3 1233
d 3 1234
d 3 1235
d 3 1236
d 3 1237
d 1 177
d 1 178
d 1 179
d 1 180
d 1 181
d 1 182
d 1 183
d 1 184
d 3 1238
d 3 1239
d 3 1240
d 3 1241
d 3 1242
d 3 1243
d 3 1244
d 3 1245
d 3 1262
d 3 1263
d 3 1264
d 3 1265
d 3 1266
d 3 1267
d 3 1268
d 3 1269
d 3 1254
d 3 1255
d 3 1256
d 3 1257
d 3 1258
d 3 1259
d 3 1260
d 3 1261
d 1 209
d 1 210
d 1 211
d 1 212
d 1 213
d 1 214
d 1 215
d 1 216
d 1 233
d 1 234
d 1 235
d 1 236
d 1 237
d 1 238
d 1 239
d 1 240
d 3 1277
d 3 1278
d 3 1279
d 3 1280
d 3 1281
d 1 225
d 1 226
d 1 227
d 1 228
d 1 229
d 1 230
d 1 231
d 1 232
d 3 1270
d 3 1271
d 3 1272
d 3 1273
d 3 1274
d 3 1275
d 3 1276
d 1 241
d 1 242
d 1 243
d 1 244
d 1 245
d 1 246
d 1 247
d 1 248
d 1 249
d 1 250
d 1 251
d 1 252
d 1 253
d 1 254
d 1 255
d 1 256
d 3 1289
d 3 1290
d 3 1291
d 3 1292
d 3 1293
d 3 1294
d 3 1295
d 1 201
d 1 202
d 1 203
d 1 204
d 1 205
d 1 206
d 1 207
d 1 208
d 3 1282
d 3 1283
d 3 1284
d 3 1285
d 3 1286
d 3 1287
d 3 1288
d 1 217
d 1 218
d 1 219
d 1 220
d 1 221
d 1 222
d 1 223
d 1 224
d 1 193
d 1 194
d 1 195
d 1 196
d 1 197
d 1 198
d 1 199
d 1 200
d 3 1296
d 3 1297
d 3 1298
d 3 1299
d 3 1300
d 3 1301
d 3 1302
d 3 1303
d 3 1334
d 3 1335
d 3 1336
d 3 1337
d 3 1338
d 1 273
d 1 274
d 1 275
d 1 276
d 1 277
d 1 278
d 1 279
d 1 280
d 3 1312
d 3 1313
d 3 1314
d 3 1315
d 3 1316
d 3 1317
d 3 1318
d 3 1319
d 1 257
d 1 258
d 1 259
d 1 260
d 1 261
d 1 262
d 1 263
d 1 264
d 1 265
d 1 266
d 1 267
d 1 268
d 1 269
d 1 270
d 1 271
d 1 272
d 3 1304
d 3 1305
d 3 1306
d 3 1307
d 3 1308
d 3 1309
d 3 1310
d 3 1311
d 1 289
d 1 290
d 1 291
d 1 292
d 1 293
d 1 294
d 1 295
d 1 296
d 3 1339
d 3 1340
d 3 1341
d 3 1342
d 3 1343
d 3 1344
d 3 1320
d 3 1321
d 3 1322
d 3 1323
d 3 1324
d 3 1325
d 3 1326
d 3 1327
d 3 1328
d 3 1329
d 3 1330
d 3 1331
d 3 1332
d 3 1333
d 3 1345
d 3 1346
d 3 1347
d 3 1348
d 3 1349
d 3 1350
d 3 1351
d 3 1352
d 1 281
d 1 282
d 1 283
d 1 284
d 1 285
d 1 286
d 1 287
d 1 288
d 1 305
d 1 306
d 1 307
d 1 308
d 1 309
d 1 310
d 1 311
d 1 312
d 1 297
d 1 298
d 1 299
d 1 300
d 1 301
d 1 302
d 1 303
d 1 304
d 3 1360
d 3 1361
d 3 1362
d 3 1363
d 3 1364
d 3 1365
d 3 1366
d 3 1367
d 1 313
d 1 314
d 1 315
d 1 316
d 1 317
d 1 318
d 1 319
d 1 320
d 3 1368
d 3 1369
d 3 1370
d 3 1371
d 3 1372
d 3 1373
d 3 1374
d 3 1375
d 3 1353
d 3 1354
d 3 1355
d 3 1356
d 3 1357
d 3 1358
d 3 1359
d 3 1376
d 3 1377
d 3 1378
d 3 1379
d 3 1380
d 3 1381
d 3 1382
d 3 1383
d 3 1384
d 3 1385
d 3 1386
d 3 1387
d 3 1388
d 3 1389
d 3 1390
d 3 1391
d 1 321
d 1 322
d 1 323
d 1 324
d 1 325
d 1 326
d 1 327
d 1 328
d 1 377
d 1 378
d 1 379
d 1 380
d 1 381
d 1 382
d 1 383
d 1 384
d 1 337
d 1 338
d 1 339
d 1 340
d 1 341
d 1 342
d 1 343
d 1 344
d 1 345
d 1 346
d 1 347
d 1 348
d 1 349
d 1 350
d 1 351
d 1 352
d 1 385
d 1 386
d 1 387
d 1 388
d 1 389
d 1 390
d 1 391
d 1 392
d 3 1392
d 3 1393
d 3 1394
d 3 1395
d 3 1396
d 3 1397
d 3 1398
d 3 1399
d 1 329
d 1 330
d 1 331
d 1 332
d 1 333
d 1 334
d 1 335
d 1 336
d 1 369
d 1 370
d 1 371
d 1 372
d 1 373
d 1 374
d 1 375
d 1 376
d 1 353
d 1 354
d 1 355
d 1 356
d 1 357
d 1 358
d 1 359
d 1 360
d 1 425
d 1 426
d 1 427
d 1 428
d 1 429
d 1 430
d 1 431
d 1 432
d 1 417
d 1 418
d 1 419
d 1 420
d 1 421
d 1 422
d 1 423
d 1 424
d 1 409
d 1 410
d 1 411
d 1 412
d 1 413
d 1 414
d 1 415
d 1 416
d 1 393
d 1 394
d 1 395
d 1 396
d 1 397
d 1 398
d 1 399
d 1 400
d 1 433
d 1 434
d 1 435
d 1 436
d 1 437
d 1 438
d 1 439
d 1 440
d 1 449
d 1 450
d 1 451
d 1 452
d 1 453
d 1 454
d 1 455
d 1 456
d 1 361
d 1 362
d 1 363
d 1 364
d 1 365
d 1 366
d 1 367
d 1 368
d 1 401
d 1 402
d 1 403
d 1 404
d 1 405
d 1 406
d 1 407
d 1 408
d 1 457
d 1 458
d 1 459
d 1 460
d 1 461
d 1 462
d 1 463
d 1 464
d 1 441
d 1 442
d 1 443
d 1 444
d 1 445
d 1 446
d 1 447
d 1 448
d 1 473
d 1 474
d 1 475
d 1 476
d 1 477
d 1 478
d 1 479
d 1 480
d 1 529
d 1 530
d 1 531
d 1 532
d 1 533
d 1 534
d 1 535
d 1 536
d 1 465
d 1 466
d 1 467
d 1 468
d 1 469
d 1 470
d 1 471
d 1 472
d 1 489
d 1 490
d 1 491
d 1 492
d 1 493
d 1 494
d 1 495
d 1 496
d 1 481
d 1 482
d 1 483
d 1 484
d 1 485
d 1 486
d 1 487
d 1 488
d 1 513
d 1 514
d 1 515
d 1 516
d 1 517
d 1 518
d 1 519
d 1 520
d 1 521
d 1 522
d 1 523
d 1 524
d 1 525
d 1 526
d 1 527
d 1 528
d 1 497
d 1 498
d 1 499
d 1 500
d 1 501
d 1 502
d 1 503
d 1 504
d 1 545
d 1 546
d 1 547
d 1 548
d 1 549
d 1 550
d 1 551
d 1 552
d 1 505
d 1 506
d 1 507
d 1 508
d 1 509
d 1 510
d 1 511
d 1 512
d 1 553
d 1 554
d 1 555
d 1 556
d 1 557
d 1 558
d 1 559
d 1 560
d 1 537
d 1 538
d 1 539
d 1 540
d 1 541
d 1 542
d 1 543
d 1 544
d 1 561
d 1 562
d 1 563
d 1 564
d 1 565
d 1 566
d 1 567
d 1 568
d 1 593
d 1 594
d 1 595
d 1 596
d 1 597
d 1 598
d 1 599
d 1 600
d 1 577
d 1 578
d 1 579
d 1 580
d 1 581
d 1 582
d 1 583
d 1 584
d 1 601
d 1 602
d 1 603
d 1 604
d 1 605
d 1 606
d 1 607
d 1 608
d 1 585
d 1 586
d 1 587
d 1 588
d 1 589
d 1 590
d 1 591
d 1 592
d 1 569
d 1 570
d 1 571
d 1 572
d 1 573
d 1 574
d 1 575
d 1 576
d 1 625
d 1 626
d 1 627
d 1 628
d 1 629
d 1 630
d 1 631
d 1 632
d 1 609
d 1 610
d 1 611
d 1 612
d 1 613
d 1 614
d 1 615
d 1 616
d 1 617
d 1 618
d 1 619
d 1 620
d 1 621
d 1 622
d 1 623
d 1 624
d 1 689
d 1 690
d 1 691
d 1 692
d 1 693
d 1 694
d 1 695
d 1 696
d 1 633
d 1 634
d 1 635
d 1 636
d 1 637
d 1 638
d 1 639
d 1 640
d 1 681
d 1 682
d 1 683
d 1 684
d 1 685
d 1 686
d 1 687
d 1 688
d 1 673
d 1 674
d 1 675
d 1 676
d 1 677
d 1 678
d 1 679
d 1 680
d 1 657
d 1 658
d 1 659
d 1 660
d 1 661
d 1 662
d 1 663
d 1 664
d 1 649
d 1 650
d 1 651
d 1 652
d 1 653
d 1 654
d 1 655
d 1 656
d 1 641
d 1 642
d 1 643
d 1 644
d 1 645
d 1 646
d 1 647
d 1 648
d 1 697
d 1 698
d 1 699
d 1 700
d 1 701
d 1 702
d 1 703
d 1 704
d 1 713
d 1 714
d 1 715
d 1 716
d 1 717
d 1 718
d 1 719
d 1 720
d 1 665
d 1 666
d 1 667
d 1 668
d 1 669
d 1 670
d 1 671
d 1 672
d 1 721
d 1 722
d 1 723
d 1 724
d 1 725
d 1 726
d 1 727
d 1 728
d 1 729
d 1 730
d 1 731
d 1 732
d 1 733
d 1 734
d 1 735
d 1 736
d 1 777
d 1 778
d 1 779
d 1 780
d 1 781
d 1 782
d 1 783
d 1 784
d 1 705
d 1 706
d 1 707
d 1 708
d 1 709
d 1 710
d 1 711
d 1 712
d 1 737
d 1 738
d 1 739
d 1 740
d 1 741
d 1 742
d 1 743
d 1 744
d 1 785
d 1 786
d 1 787
d 1 788
d 1 789
d 1 790
d 1 791
d 1 792
d 1 753
d 1 754
d 1 755
d 1 756
d 1 757
d 1 758
d 1 759
d 1 760
d 1 745
d 1 746
d 1 747
d 1 748
d 1 749
d 1 750
d 1 751
d 1 752
d 1 809
d 1 810
d 1 811
d 1 812
d 1 813
d 1 814
d 1 815
d 1 816
d 1 769
d 1 770
d 1 771
d 1 772
d 1 773
d 1 774
d 1 775
d 1 776
d 1 761
d 1 762
d 1 763
d 1 764
d 1 765
d 1 766
d 1 767
d 1 768
d 1 793
d 1 794
d 1 795
d 1 796
d 1 797
d 1 798
d 1 799
d 1 800
d 1 801
d 1 802
d 1 803
d 1 804
d 1 805
d 1 806
d 1 807
d 1 808
d 1 825
d 1 826
d 1 827
d 1 828
d 1 829
d 1 830
d 1 831
d 1 832
d 1 833
d 1 834
d 1 835
d 1 836
d 1 837
d 1 838
d 1 839
d 1 840
d 1 841
d 1 842
d 1 843
d 1 844
d 1 845
d 1 846
d 1 847
d 1 848
d 1 865
d 1 866
d 1 867
d 1 868
d 1 869
d 1 870
d 1 871
d 1 872
d 1 817
d 1 818
d 1 819
d 1 820
d 1 821
d 1 822
d 1 823
d 1 824
d 1 881
d 1 882
d 1 883
d 1 884
d 1 885
d 1 886
d 1 887
d 1 888
d 1 857
d 1 858
d 1 859
d 1 860
d 1 861
d 1 862
d 1 863
d 1 864
d 1 897
d 1 898
d 1 899
d 1 900
d 1 901
d 1 902
d 1 903
d 1 904
d 1 905
d 1 906
d 1 907
d 1 908
d 1 909
d 1 910
d 1 911
d 1 912
d 1 889
d 1 890
d 1 891
d 1 892
d 1 893
d 1 894
d 1 895
d 1 896
d 1 921
d 1 922
d 1 923
d 1 924
d 1 925
d 1 926
d 1 927
d 1 928
d 1 873
d 1 874
d 1 875
d 1 876
d 1 877
d 1 878
d 1 879
d 1 880
d 1 849
d 1 850
d 1 851
d 1 852
d 1 853
d 1 854
d 1 855
d 1 856
d 1 937
d 1 938
d 1 939
d 1 940
d 1 941
d 1 942
d 1 943
d 1 944
d 1 913
d 1 914
d 1 915
d 1 916
d 1 917
d 1 918
d 1 919
d 1 920
d 1 929
d 1 930
d 1 931
d 1 932
d 1 933
d 1 934
d 1 935
d 1 936
d 1 945
d 1 946
d 1 947
d 1 948
d 1 949
d 1 950
d 1 951
d 1 952
d 1 953
d 1 954
d 1 955
d 1 956
d 1 957
d 1 958
d 1 959
d 1 960
d 1 961
d 1 962
d 1 963
d 1 964
d 1 965
d 1 966
d 1 967
d 1 968
d 1 985
d 1 986
d 1 987
d 1 988
d 1 989
d 1 990
d 1 991
d 1 992
d 1 969
d 1 970
d 1 971
d 1 972
d 1 973
d 1 974
d 1 975
d 1 976
d 1 977
d 1 978
d 1 979
d 1 980
d 1 981
d 1 982
d 1 983
d 1 984
d 1 993
d 1 994
d 1 995
d 1 996
d 1 997
d 1 998
d 1 999
d 1 1000
d 1 1001
d 1 1002
d 1 1003
d 1 1004
d 1 1005
d 1 1006
d 1 1007
d 1 1008
d 1 1009
d 1 1010
d 1 1011
d 1 1012
d 1 1013
d 1 1014
d 1 1015
d 1 1016
d 1 1017
d 1 1018
d 1 1019
d 1 1020
d 1 1021
d 1 1022
d 1 1023
d 1 1024
d 1 1025
d 1 1026
d 1 1027
d 1 1028
d 1 1029
d 1 1030
d 1 1031
d 1 1032
d 1 1041
d 1 1042
d 1 1043
d 1 1044
d 1 1045
d 1 1046
d 1 1047
d 1 1048
d 1 1033
d 1 1034
d 1 1035
d 1 1036
d 1 1037
d 1 1038
d 1 1039
d 1 1040
d 1 1049
d 1 1050
d 1 1051
d 1 1052
d 1 1053
d 1 1054
d 1 1055
d 1 1056
d 1 1057
d 1 1058
d 1 1059
d 1 1060
d 1 1061
d 1 1062
d 1 1063
d 1 1064
d 1 1065
d 1 1066
d 1 1067
d 1 1068
d 1 1069
d 1 1070
d 1 1071
d 1 1072
d 1 1073
d 1 1074
d 1 1075
d 1 1076
d 1 1077
d 1 1078
d 1 1079
d 1 1080
d 1 1121
d 1 1122
d 1 1123
d 1 1124
d 1 1125
d 1 1126
d 1 1127
d 1 1128
d 1 1089
d 1 1090
d 1 1091
d 1 1092
d 1 1093
d 1 1094
d 1 1095
d 1 1096
d 1 1113
d 1 1114
d 1 1115
d 1 1116
d 1 1117
d 1 1118
d 1 1119
d 1 1120
d 1 1081
d 1 1082
d 1 1083
d 1 1084
d 1 1085
d 1 1086
d 1 1087
d 1 1088
d 1 1105
d 1 1106
d 1 1107
d 1 1108
d 1 1109
d 1 1110
d 1 1111
d 1 1112
d 1 1097
d 1 1098
d 1 1099
d 1 1100
d 1 1101
d 1 1102
d 1 1103
d 1 1104
d 1 1137
d 1 1138
d 1 1139
d 1 1140
d 1 1141
d 1 1142
d 1 1143
d 1 1144
d 1 1129
d 1 1130
d 1 1131
d 1 1132
d 1 1133
d 1 1134
d 1 1135
d 1 1136
d 1 1185
d 1 1186
d 1 1187
d 1 1188
d 1 1189
d 1 1190
d 1 1191
d 1 1192
d 1 1153
d 1 1154
d 1 1155
d 1 1156
d 1 1157
d 1 1158
d 1 1159
d 1 1160
d 1 1193
d 1 1194
d 1 1195
d 1 1196
d 1 1197
d 1 1198
d 1 1199
d 1 1200
d 1 1145
d 1 1146
d 1 1147
d 1 1148
d 1 1149
d 1 1150
d 1 1151
d 1 1152
d 1 1169
d 1 1170
d 1 1171
d 1 1172
d 1 1173
d 1 1174
d 1 1175
d 1 1176
d 1 1177
d 1 1178
d 1 1179
d 1 1180
d 1 1181
d 1 1182
d 1 1183
d 1 1184
d 1 1161
d 1 1162
d 1 1163
d 1 1164
d 1 1165
d 1 1166
d 1 1167
d 1 1168
d 1 1217
d 1 1218
d 1 1219
d 1 1220
d 1 1221
d 1 1222
d 1 1223
d 1 1224
d 1 1201
d 1 1202
d 1 1203
d 1 1204
d 1 1205
d 1 1206
d 1 1207
d 1 1208
d 1 1209
d 1 1210
d 1 1211
d 1 1212
d 1 1213
d 1 1214
d 1 1215
d 1 1216
d 1 1225
d 1 1226
d 1 1227
d 1 1228
d 1 1229
d 1 1230
d 1 1231
d 1 1232
d 1 1241
d 1 1242
d 1 1243
d 1 1244
d 1 1245
d 1 1246
d 1 1247
d 1 1248
d 1 1249
d 1 1250
d 1 1251
d 1 1252
d 1 1253
d 1 1254
d 1 1255
d 1 1256
d 1 1233
d 1 1234
d 1 1235
d 1 1236
d 1 1237
d 1 1238
d 1 1239
d 1 1240
d 1 1257
d 1 1258
d 1 1259
d 1 1260
d 1 1261
d 1 1262
d 1 1263
d 1 1264
d 1 1265
d 1 1266
d 1 1267
d 1 1268
d 1 1269
d 1 1270
d 1 1271
d 1 1272
d 1 1273
d 1 1274
d 1 1275
d 1 1276
d 1 1277
d 1 1278
d 1 1279
d 1 1280
d 1 1289
d 1 1290
d 1 1291
d 1 1292
d 1 1293
d 1 1294
d 1 1295
d 1 1296
d 1 1281
d 1 1282
d 1 1283
d 1 1284
d 1 1285
d 1 1286
d 1 1287
d 1 1288
d 1 1297
d 1 1298
d 1 1299
d 1 1300
d 1 1301
d 1 1302
d 1 1303
d 1 1304
d 1 1313
d 1 1314
d 1 1315
d 1 1316
d 1 1317
d 1 1318
d 1 1319
d 1 1320
d 1 1305
d 1 1306
d 1 1307
d 1 1308
d 1 1309
d 1 1310
d 1 1311
d 1 1312
d 1 1345
d 1 1346
d 1 1347
d 1 1348
d 1 1349
d 1 1350
d 1 1351
d 1 1352
d 1 1321
d 1 1322
d 1 1323
d 1 1324
d 1 1325
d 1 1326
d 1 1327
d 1 1328
d 1 1353
d 1 1354
d 1 1355
d 1 1356
d 1 1357
d 1 1358
d 1 1359
d 1 1360
d 1 1329
d 1 1330
d 1 1331
d 1 1332
d 1 1333
d 1 1334
d 1 1335
d 1 1336
d 1 1361
d 1 1362
d 1 1363
d 1 1364
d 1 1365
d 1 1366
d 1 1367
d 1 1368
d 1 1369
d 1 1370
d 1 1371
d 1 1372
d 1 1373
d 1 1374
d 1 1375
d 1 1376
d 1 1377
d 1 1378
d 1 1379
d 1 1380
d 1 1381
d 1 1382
d 1 1383
d 1 1384
d 1 1337
d 1 1338
d 1 1339
d 1 1340
d 1 1341
d 1 1342
d 1 1343
d 1 1344
d 1 1401
d 1 1402
d 1 1403
d 1 1404
d 1 1405
d 1 1406
d 1 1407
d 1 1408
d 1 1417
d 1 1418
d 1 1419
d 1 1420
d 1 1421
d 1 1422
d 1 1423
d 1 1424
d 1 1409
d 1 1410
d 1 1411
d 1 1412
d 1 1413
d 1 1414
d 1 1415
d 1 1416
d 1 1385
d 1 1386
d 1 1387
d 1 1388
d 1 1389
d 1 1390
d 1 1391
d 1 1392
d 1 1393
d 1 1394
d 1 1395
d 1 1396
d 1 1397
d 1 1398
d 1 1399
d 1 1400
d 1 1433
d 1 1434
d 1 1435
d 1 1436
d 1 1437
d 1 1438
d 1 1439
d 1 1440
d 1 1425
d 1 1426
d 1 1427
d 1 1428
d 1 1429
d 1 1430
d 1 1431
d 1 1432
d 1 1449
d 1 1450
d 1 1451
d 1 1452
d 1 1453
d 1 1454
d 1 1455
d 1 1456
d 1 1441
d 1 1442
d 1 1443
d 1 1444
d 1 1445
d 1 1446
d 1 1447
d 1 1448
d 1 1473
d 1 1474
d 1 1475
d 1 1476
d 1 1477
d 1 1478
d 1 1479
d 1 1480
d 1 1489
d 1 1490
d 1 1491
d 1 1492
d 1 1493
d 1 1494
d 1 1495
d 1 1496
d 1 1465
d 1 1466
d 1 1467
d 1 1468
d 1 1469
d 1 1470
d 1 1471
d 1 1472
d 1 1497
d 1 1498
d 1 1499
d 1 1500
d 1 1501
d 1 1502
d 1 1503
d 1 1504
d 1 1457
d 1 1458
d 1 1459
d 1 1460
d 1 1461
d 1 1462
d 1 1463
d 1 1464
d 1 1481
d 1 1482
d 1 1483
d 1 1484
d 1 1485
d 1 1486
d 1 1487
d 1 1488
d 1 1505
d 1 1506
d 1 1507
d 1 1508
d 1 1509
d 1 1510
d 1 1511
d 1 1512
d 1 1521
d 1 1522
d 1 1523
d 1 1524
d 1 1525
d 1 1526
d 1 1527
d 1 1528
d 1 1513
d 1 1514
d 1 1515
d 1 1516
d 1 1517
d 1 1518
d 1 1519
d 1 1520
d 1 1537
d 1 1538
d 1 1539
d 1 1540
d 1 1541
d 1 1542
d 1 1543
d 1 1544
d 1 1529
d 1 1530
d 1 1531
d 1 1532
d 1 1533
d 1 1534
d 1 1535
d 1 1536
d 1 1553
d 1 1554
d 1 1555
d 1 1556
d 1 1557
d 1 1558
d 1 1559
d 1 1560
d 1 1545
d 1 1546
d 1 1547
d 1 1548
d 1 1577
d 1 1578
d 1 1579
d 1 1580
d 1 1581
d 1 1582
d 1 1583
d 1 1584
d 1 1561
d 1 1562
d 1 1563
d 1 1564
d 1 1569
d 1 1570
d 1 1571
d 1 1572
d 1 1565
d 1 1566
d 1 1567
d 1 1568
d 1 1549
d 1 1550
d 1 1551
d 1 1552
d 1 1585
d 1 1586
d 1 1587
d 1 1588
d 1 1589
d 1 1590
d 1 1591
d 1 1592
d 1 1573
d 1 1574
d 1 1575
d 1 1576
d 1 1625
d 1 1626
d 1 1627
d 1 1628
d 1 1629
d 1 1630
d 1 1631
d 1 1632
d 1 1617
d 1 1618
d 1 1619
d 1 1620
d 1 1621
d 1 1622
d 1 1623
d 1 1624
d 1 1609
d 1 1610
d 1 1611
d 1 1612
d 1 1633
d 1 1634
d 1 1635
d 1 1636
d 1 1637
d 1 1638
d 1 1639
d 1 1640
d 1 1601
d 1 1602
d 1 1603
d 1 1604
d 1 1613
d 1 1614
d 1 1615
d 1 1616
d 1 1593
d 1 1594
d 1 1595
d 1 1596
d 1 1605
d 1 1606
d 1 1607
d 1 1608
d 1 1597
d 1 1598
d 1 1599
d 1 1600
d 1 1649
d 1 1650
d 1 1651
d 1 1652
d 1 1653
d 1 1654
d 1 1655
d 1 1656
d 1 1645
d 1 1646
d 1 1647
d 1 1648
d 1 1657
d 1 1658
d 1 1659
d 1 1660
d 1 1641
d 1 1642
d 1 1643
d 1 1644
d 1 1685
d 1 1686
d 1 1687
d 1 1688
d 1 1661
d 1 1662
d 1 1663
d 1 1664
d 1 1665
d 1 1666
d 1 1667
d 1 1668
d 1 1673
d 1 1674
d 1 1675
d 1 1676
d 1 1669
d 1 1670
d 1 1671
d 1 1672
d 1 1681
d 1 1682
d 1 1683
d 1 1684
d 1 1677
d 1 1678
d 1 1679
d 1 1680
d 1 1697
d 1 1698
d 1 1699
d 1 1700
d 1 1701
d 1 1702
d 1 1703
d 1 1704
d 1 1693
d 1 1694
d 1 1695
d 1 1696
d 1 1725
d 1 1726
d 1 1727
d 1 1728
d 1 1705
d 1 1706
d 1 1707
d 1 1708
d 1 1721
d 1 1722
d 1 1723
d 1 1724
d 1 1689
d 1 1690
d 1 1691
d 1 1692
d 1 1709
d 1 1710
d 1 1711
d 1 1712
d 1 1733
d 1 1734
d 1 1735
d 1 1736
d 1 1713
d 1 1714
d 1 1715
d 1 1716
d 1 1745
d 1 1746
d 1 1747
d 1 1748
d 1 1717
d 1 1718
d 1 1719
d 1 1720
d 1 1729
d 1 1730
d 1 1731
d 1 1732
d 1 1749
d 1 1750
d 1 1751
d 1 1752
d 1 1737
d 1 1738
d 1 1739
d 1 1740
d 1 1741
d 1 1742
d 1 1743
d 1 1744
d 1 1753
d 1 1754
d 1 1755
d 1 1756
d 1 1757
d 1 1758
d 1 1759
d 1 1760
d 1 1769
d 1 1770
d 1 1771
d 1 1772
d 1 1773
d 1 1774
d 1 1775
d 1 1776
d 1 1761
d 1 1762
d 1 1763
d 1 1764
d 1 1765
d 1 1766
d 1 1767
d 1 1768
d 1 1801
d 1 1802
d 1 1803
d 1 1804
d 1 1777
d 1 1778
d 1 1779
d 1 1780
d 1 1805
d 1 1806
d 1 1807
d 1 1808
d 1 1785
d 1 1786
d 1 1787
d 1 1788
d 1 1781
d 1 1782
d 1 1783
d 1 1784
d 1 1793
d 1 1794
d 1 1795
d 1 1796
d 1 1797
d 1 1798
d 1 1799
d 1 1800
d 1 1789
d 1 1790
d 1 1791
d 1 1792
d 1 1809
d 1 1810
d 1 1811
d 1 1812
d 1 1813
d 1 1814
d 1 1815
d 1 1816
d 1 1825
d 1 1826
d 1 1827
d 1 1828
d 1 1861
d 1 1862
d 1 1863
d 1 1864
d 1 1833
d 1 1834
d 1 1835
d 1 1836
d 1 1821
d 1 1822
d 1 1823
d 1 1824
d 1 1857
d 1 1858
d 1 1859
d 1 1860
d 1 1837
d 1 1838
d 1 1839
d 1 1840
d 1 1829
d 1 1830
d 1 1831
d 1 1832
d 1 1817
d 1 1818
d 1 1819
d 1 1820
d 1 1877
d 1 1878
d 1 1879
d 1 1880
d 1 1849
d 1 1850
d 1 1851
d 1 1852
d 1 1873
d 1 1874
d 1 1875
d 1 1876
d 1 1845
d 1 1846
d 1 1847
d 1 1848
d 1 1865
d 1 1866
d 1 1867
d 1 1868
d 1 1853
d 1 1854
d 1 1855
d 1 1856
d 1 1841
d 1 1842
d 1 1843
d 1 1844
d 1 1869
d 1 1870
d 1 1871
d 1 1872
d 1 1881
d 1 1882
d 1 1883
d 1 1884
d 1 1885
d 1 1886
d 1 1887
d 1 1888
d 1 1890
d 1 1891
d 1 1892
d 1 1893
d 1 1894
d 1 1895
d 1 1896
d 1 1897
d 1 1889
d 1 1898
d 1 1899
d 1 1900
d 1 1901
d 1 1902
d 1 1903
d 1 1904
d 1 1905
d 1 1906
d 1 1907
d 1 1908
d 1 1909
d 1 1910
d 1 1911
d 1 1912
d 1 1921
d 1 1922
d 1 1923
d 1 1924
d 1 1925
d 1 1926
d 1 1927
d 1 1928
d 1 1913
d 1 1914
d 1 1915
d 1 1937
d 1 1938
d 1 1939
d 1 1940
d 1 1941
d 1 1942
d 1 1943
d 1 1944
d 1 1916
d 1 1917
d 1 1918
d 1 1919
d 1 1920
d 1 1929
d 1 1930
d 1 1931
d 1 1932
d 1 1933
d 1 1934
d 1 1935
d 1 1936
d 1 1950
d 1 1951
d 1 1952
d 1 1945
d 1 1946
d 1 1947
d 1 1948
d 1 1949
d 1 1985
d 1 1986
d 1 1987
d 1 1988
d 1 1989
d 1 1990
d 1 1991
d 1 1992
d 1 1993
d 1 1994
d 1 1995
d 1 1996
d 1 1997
d 1 1998
d 1 1999
d 1 2000
d 1 1953
d 1 1954
d 1 1955
d 1 1956
d 1 1957
d 1 1958
d 1 1959
d 1 1960
d 1 1961
d 1 1977
d 1 1978
d 1 1979
d 1 1980
d 1 1981
d 1 1982
d 1 1983
d 1 1984
d 1 1962
d 1 1963
d 1 1964
d 1 1965
d 1 1966
d 1 1967
d 1 1968
d 1 1969
d 1 1970
d 1 1971
d 1 1972
d 1 1973
d 1 1974
d 1 1975
d 1 1976
d 3 1427
d 3 1400
d 3 1401
d 3 1402
d 3 1403
d 3 1404
d 3 1405
d 3 1406
d 3 1416
d 3 1417
d 3 1418
d 3 1419
d 3 1420
d 3 1421
d 3 1422
d 3 1424
d 3 1425
d 3 1426
d 3 1407
d 3 1408
d 3 1409
d 3 1410
d 3 1411
d 3 1412
d 3 1413
d 3 1414
d 3 1435
d 3 1452
d 3 1453
d 3 1454
d 3 1455
d 3 1456
d 3 1457
d 3 1458
d 3 1474
d 3 1475
d 3 1476
d 3 1477
d 3 1478
d 3 1479
d 3 1480
d 3 1444
d 3 1445
d 3 1446
d 3 1447
d 3 1448
d 3 1449
d 3 1450
d 3 1451
d 3 1436
d 3 1415
d 3 1428
d 3 1429
d 3 1430
d 3 1431
d 3 1432
d 3 1433
d 3 1434
d 3 1437
d 3 1438
d 3 1439
d 3 1440
d 3 1441
d 3 1442
d 3 1443
d 3 1466
d 3 1467
d 3 1468
d 3 1469
d 3 1470
d 3 1471
d 3 1472
d 3 1473
d 3 1459
d 3 1460
d 3 1461
d 3 1462
d 3 1463
d 3 1464
d 3 1465
d 3 1489
d 3 1490
d 3 1491
d 3 1492
d 3 1493
d 3 1494
d 3 1495
d 3 1496
d 3 1481
d 3 1482
d 3 1499
d 3 1500
d 3 1501
d 3 1502
d 3 1503
d 3 1512
d 3 1513
d 3 1514
d 3 1483
d 3 1484
d 3 1485
d 3 1486
d 3 1487
d 3 1488
d 3 1497
d 3 1498
d 3 1531
d 3 1532
d 3 1533
d 3 1504
d 3 1505
d 3 1506
d 3 1507
d 3 1508
d 3 1515
d 3 1516
d 3 1517
d 3 1518
d 3 1527
d 3 1528
d 3 1529
d 3 1530
d 3 1509
d 3 1510
d 3 1511
d 3 1549
d 3 1550
d 3 1551
d 3 1552
d 3 1553
d 3 1554
d 3 1555
d 3 1556
d 3 1557
d 3 1558
d 3 1559
d 3 1560
d 3 1561
d 3 1548
d 3 1564
d 3 1565
d 3 1566
d 3 1567
d 3 1568
d 3 1569
d 3 1570
d 3 1571
d 3 1572
d 3 1573
d 3 1574
d 3 1575
d 3 1576
d 3 1577
d 3 1578
d 3 1562
d 3 1563
d 3 1519
d 3 1520
d 3 1521
d 3 1522
d 3 1523
d 3 1524
d 3 1612
d 3 1613
d 3 1614
d 3 1615
d 3 1616
d 3 1624
d 3 1625
d 3 1626
d 3 1627
d 3 1628
d 3 1629
d 3 1630
d 3 1631
d 3 1632
d 3 1633
d 3 1634
d 3 1525
d 3 1526
d 3 1534
d 3 1535
d 3 1536
d 3 1537
d 3 1538
d 3 1539
d 3 1579
d 3 1580
d 3 1581
d 3 1582
d 3 1583
d 3 1585
d 3 1594
d 3 1595
d 3 1596
d 3 1597
d 3 1598
d 3 1599
d 3 1600
d 3 1609
d 3 1610
d 3 1611
d 3 1540
d 3 1541
d 3 1542
d 3 1543
d 3 1544
d 3 1545
d 3 1546
d 3 1547
d 3 1590
d 3 1591
d 3 1592
d 3 1593
d 3 1601
d 3 1602
d 3 1603
d 3 1604
d 3 1621
d 3 1622
d 3 1623
d 3 1639
d 3 1640
d 3 1641
d 3 1642
d 3 1643
d 3 1635
d 3 1636
d 3 1637
d 3 1638
d 3 1586
d 3 1587
d 3 1588
d 3 1589
d 3 1605
d 3 1606
d 3 1607
d 3 1608
d 3 1617
d 3 1618
d 3 1619
d 3 1620
d 3 1653
d 3 1684
d 3 1685
d 3 1686
d 3 1687
d 3 1688
d 3 1689
d 3 1690
d 3 1659
d 3 1660
d 3 1661
d 3 1662
d 3 1663
d 3 1664
d 3 1665
d 3 1666
d 3 1667
d 3 1668
d 3 1647
d 3 1648
d 3 1649
d 3 1650
d 3 1651
d 3 1652
d 3 1676
d 3 1677
d 3 1678
d 3 1679
d 3 1680
d 3 1681
d 3 1682
d 3 1683
d 3 1669
d 3 1670
d 3 1671
d 3 1672
d 3 1673
d 3 1674
d 3 1675
d 3 1691
d 3 1644
d 3 1645
d 3 1646
d 3 1654
d 3 1655
d 3 1656
d 3 1657
d 3 1658
d 3 1700
d 3 1701
d 3 1702
d 3 1703
d 3 1704
d 3 1705
d 3 1692
d 3 1693
d 3 1694
d 3 1695
d 3 1696
d 3 1697
d 3 1698
d 3 1699
